[ 2016-11-30T09:12:36+08:00 ] 127.0.0.1 /thinkphp/mouqu.php/Home/Login/login.html
INFO: [ app_init ] --START--
INFO: Run Behavior\BuildLiteBehavior [ RunTime:0.000079s ]
INFO: [ app_init ] --END-- [ RunTime:0.010080s ]
INFO: [ app_begin ] --START--
INFO: Run Behavior\ReadHtmlCacheBehavior [ RunTime:0.015699s ]
INFO: [ app_begin ] --END-- [ RunTime:0.016071s ]
INFO: [ view_parse ] --START--
INFO: [ template_filter ] --START--
INFO: Run Behavior\ContentReplaceBehavior [ RunTime:0.000201s ]
INFO: [ template_filter ] --END-- [ RunTime:0.000572s ]
NOTIC: [8] Undefined variable: error_tips D:\wamp\www\thinkphp\Mouqu\Runtime\Cache\Home\ec7bf4e9685a64d00f7346ec6ee8767d.php 第 13 行.
INFO: Run Behavior\ParseTemplateBehavior [ RunTime:0.063942s ]
INFO: [ view_parse ] --END-- [ RunTime:0.064315s ]
INFO: [ view_filter ] --START--
INFO: Run Behavior\WriteHtmlCacheBehavior [ RunTime:0.101707s ]
INFO: [ view_filter ] --END-- [ RunTime:0.102059s ]
INFO: [ app_end ] --START--
INFO: Run Behavior\ShowPageTraceBehavior [ RunTime:0.002028s ]
INFO: [ app_end ] --END-- [ RunTime:0.002371s ]

[ 2016-11-30T09:12:40+08:00 ] 127.0.0.1 /thinkphp/mouqu.php/Home/Login/checklogin.html
INFO: [ app_init ] --START--
INFO: Run Behavior\BuildLiteBehavior [ RunTime:0.000044s ]
INFO: [ app_init ] --END-- [ RunTime:0.000724s ]
INFO: [ app_begin ] --START--
INFO: Run Behavior\ReadHtmlCacheBehavior [ RunTime:0.000836s ]
INFO: [ app_begin ] --END-- [ RunTime:0.001058s ]
SQL: SHOW COLUMNS FROM `admin` [ RunTime:0.0282s ]
SQL: SELECT * FROM `admin` WHERE ( username='FLYcricket' ) LIMIT 1   [ RunTime:0.0012s ]
NOTIC: [8] Undefined index: power D:\wamp\www\thinkphp\Mouqu\Home\Controller\LoginController.class.php 第 28 行.
SQL: update admin set login_log = '2016-11-30 09:12:40' where username='FLYcricket'  [ RunTime:0.1121s ]
INFO: [ view_parse ] --START--
INFO: [ template_filter ] --START--
INFO: Run Behavior\ContentReplaceBehavior [ RunTime:0.000207s ]
INFO: [ template_filter ] --END-- [ RunTime:0.000576s ]
INFO: Run Behavior\ParseTemplateBehavior [ RunTime:0.050321s ]
INFO: [ view_parse ] --END-- [ RunTime:0.050686s ]
INFO: [ view_filter ] --START--
INFO: Run Behavior\WriteHtmlCacheBehavior [ RunTime:0.000996s ]
INFO: [ view_filter ] --END-- [ RunTime:0.001320s ]
INFO: [ app_end ] --START--
INFO: Run Behavior\ShowPageTraceBehavior [ RunTime:0.001716s ]
INFO: [ app_end ] --END-- [ RunTime:0.002102s ]

[ 2016-11-30T09:12:43+08:00 ] 127.0.0.1 /thinkphp/mouqu.php/Home/Index/index.html
INFO: [ app_init ] --START--
INFO: Run Behavior\BuildLiteBehavior [ RunTime:0.000039s ]
INFO: [ app_init ] --END-- [ RunTime:0.001085s ]
INFO: [ app_begin ] --START--
INFO: Run Behavior\ReadHtmlCacheBehavior [ RunTime:0.000712s ]
INFO: [ app_begin ] --END-- [ RunTime:0.000882s ]
INFO: [ view_parse ] --START--
INFO: [ template_filter ] --START--
INFO: Run Behavior\ContentReplaceBehavior [ RunTime:0.000351s ]
INFO: [ template_filter ] --END-- [ RunTime:0.000713s ]
INFO: Run Behavior\ParseTemplateBehavior [ RunTime:0.096669s ]
INFO: [ view_parse ] --END-- [ RunTime:0.096975s ]
INFO: [ view_filter ] --START--
INFO: Run Behavior\WriteHtmlCacheBehavior [ RunTime:0.001233s ]
INFO: [ view_filter ] --END-- [ RunTime:0.001560s ]
INFO: [ app_end ] --START--
INFO: Run Behavior\ShowPageTraceBehavior [ RunTime:0.001717s ]
INFO: [ app_end ] --END-- [ RunTime:0.002138s ]

[ 2016-11-30T09:13:05+08:00 ] 127.0.0.1 /thinkphp/mouqu.php/Home/Orders/orders.html
INFO: [ app_init ] --START--
INFO: Run Behavior\BuildLiteBehavior [ RunTime:0.000060s ]
INFO: [ app_init ] --END-- [ RunTime:0.000824s ]
INFO: [ app_begin ] --START--
INFO: Run Behavior\ReadHtmlCacheBehavior [ RunTime:0.000715s ]
INFO: [ app_begin ] --END-- [ RunTime:0.000897s ]
SQL: SHOW COLUMNS FROM `orders` [ RunTime:0.0059s ]
SQL: SELECT COUNT(*) AS tp_count FROM `orders` LIMIT 1   [ RunTime:0.0004s ]
SQL: SELECT orders.*,user.username FROM `orders` left JOIN user ON user.id=orders.ad_id   ORDER BY orders.create desc,orders.orderstatus LIMIT 0,8   [ RunTime:0.0010s ]
INFO: [ view_parse ] --START--
INFO: [ template_filter ] --START--
INFO: Run Behavior\ContentReplaceBehavior [ RunTime:0.000314s ]
INFO: [ template_filter ] --END-- [ RunTime:0.000692s ]
INFO: Run Behavior\ParseTemplateBehavior [ RunTime:0.067387s ]
INFO: [ view_parse ] --END-- [ RunTime:0.067615s ]
INFO: [ view_filter ] --START--
INFO: Run Behavior\WriteHtmlCacheBehavior [ RunTime:0.000782s ]
INFO: [ view_filter ] --END-- [ RunTime:0.001052s ]
INFO: [ app_end ] --START--
INFO: Run Behavior\ShowPageTraceBehavior [ RunTime:0.001107s ]
INFO: [ app_end ] --END-- [ RunTime:0.001331s ]

[ 2016-11-30T09:13:06+08:00 ] 127.0.0.1 /thinkphp/mouqu.php/Home/Orders/create.html
INFO: [ app_init ] --START--
INFO: Run Behavior\BuildLiteBehavior [ RunTime:0.000057s ]
INFO: [ app_init ] --END-- [ RunTime:0.000909s ]
INFO: [ app_begin ] --START--
INFO: Run Behavior\ReadHtmlCacheBehavior [ RunTime:0.000744s ]
INFO: [ app_begin ] --END-- [ RunTime:0.000916s ]
INFO: [ view_parse ] --START--
INFO: [ template_filter ] --START--
INFO: Run Behavior\ContentReplaceBehavior [ RunTime:0.000118s ]
INFO: [ template_filter ] --END-- [ RunTime:0.000279s ]
INFO: Run Behavior\ParseTemplateBehavior [ RunTime:0.033911s ]
INFO: [ view_parse ] --END-- [ RunTime:0.034059s ]
INFO: [ view_filter ] --START--
INFO: Run Behavior\WriteHtmlCacheBehavior [ RunTime:0.000389s ]
INFO: [ view_filter ] --END-- [ RunTime:0.000612s ]
INFO: [ app_end ] --START--
INFO: Run Behavior\ShowPageTraceBehavior [ RunTime:0.000700s ]
INFO: [ app_end ] --END-- [ RunTime:0.000844s ]

[ 2016-11-30T09:13:08+08:00 ] 127.0.0.1 /thinkphp/mouqu.php/Home/Check/check.html
INFO: [ app_init ] --START--
INFO: Run Behavior\BuildLiteBehavior [ RunTime:0.000067s ]
INFO: [ app_init ] --END-- [ RunTime:0.001019s ]
INFO: [ app_begin ] --START--
INFO: Run Behavior\ReadHtmlCacheBehavior [ RunTime:0.001160s ]
INFO: [ app_begin ] --END-- [ RunTime:0.001529s ]
SQL: SHOW COLUMNS FROM `check_info` [ RunTime:0.0098s ]
SQL: SELECT COUNT(*) AS tp_count FROM `check_info` LIMIT 1   [ RunTime:0.0008s ]
SQL: SELECT check_info.id,check_info.name,check_info.remarks,check_info.status,user.username FROM `check_info` left JOIN user ON user.id=check_info.userid   LIMIT 0,8   [ RunTime:0.0006s ]
INFO: [ view_parse ] --START--
INFO: [ template_filter ] --START--
INFO: Run Behavior\ContentReplaceBehavior [ RunTime:0.000308s ]
INFO: [ template_filter ] --END-- [ RunTime:0.000739s ]
INFO: Run Behavior\ParseTemplateBehavior [ RunTime:0.068531s ]
INFO: [ view_parse ] --END-- [ RunTime:0.068825s ]
INFO: [ view_filter ] --START--
INFO: Run Behavior\WriteHtmlCacheBehavior [ RunTime:0.000933s ]
INFO: [ view_filter ] --END-- [ RunTime:0.001261s ]
INFO: [ app_end ] --START--
INFO: Run Behavior\ShowPageTraceBehavior [ RunTime:0.001555s ]
INFO: [ app_end ] --END-- [ RunTime:0.001971s ]

[ 2016-11-30T09:13:09+08:00 ] 127.0.0.1 /thinkphp/mouqu.php/Home/Address/address.html
INFO: [ app_init ] --START--
INFO: Run Behavior\BuildLiteBehavior [ RunTime:0.000031s ]
INFO: [ app_init ] --END-- [ RunTime:0.000526s ]
INFO: [ app_begin ] --START--
INFO: Run Behavior\ReadHtmlCacheBehavior [ RunTime:0.000605s ]
INFO: [ app_begin ] --END-- [ RunTime:0.000743s ]
SQL: SHOW COLUMNS FROM `address` [ RunTime:0.0056s ]
SQL: SELECT COUNT(*) AS tp_count FROM `address` LIMIT 1   [ RunTime:0.0004s ]
SQL: SELECT * FROM `address` LIMIT 0,8   [ RunTime:0.0003s ]
INFO: [ view_parse ] --START--
INFO: [ template_filter ] --START--
INFO: Run Behavior\ContentReplaceBehavior [ RunTime:0.000108s ]
INFO: [ template_filter ] --END-- [ RunTime:0.000251s ]
INFO: Run Behavior\ParseTemplateBehavior [ RunTime:0.028323s ]
INFO: [ view_parse ] --END-- [ RunTime:0.028484s ]
INFO: [ view_filter ] --START--
INFO: Run Behavior\WriteHtmlCacheBehavior [ RunTime:0.000464s ]
INFO: [ view_filter ] --END-- [ RunTime:0.000596s ]
INFO: [ app_end ] --START--
INFO: Run Behavior\ShowPageTraceBehavior [ RunTime:0.000609s ]
INFO: [ app_end ] --END-- [ RunTime:0.000750s ]

[ 2016-11-30T09:13:11+08:00 ] 127.0.0.1 /thinkphp/mouqu.php/Home/Admin/manager.html
INFO: [ app_init ] --START--
INFO: Run Behavior\BuildLiteBehavior [ RunTime:0.000039s ]
INFO: [ app_init ] --END-- [ RunTime:0.000680s ]
INFO: [ app_begin ] --START--
INFO: Run Behavior\ReadHtmlCacheBehavior [ RunTime:0.000769s ]
INFO: [ app_begin ] --END-- [ RunTime:0.000959s ]
SQL: SHOW COLUMNS FROM `admin` [ RunTime:0.0104s ]
SQL: SELECT COUNT(*) AS tp_count FROM `admin` LIMIT 1   [ RunTime:0.0006s ]
SQL: SELECT * FROM `admin` LIMIT 0,3   [ RunTime:0.0006s ]
INFO: [ view_parse ] --START--
INFO: [ template_filter ] --START--
INFO: Run Behavior\ContentReplaceBehavior [ RunTime:0.000172s ]
INFO: [ template_filter ] --END-- [ RunTime:0.000401s ]
INFO: Run Behavior\ParseTemplateBehavior [ RunTime:0.036575s ]
INFO: [ view_parse ] --END-- [ RunTime:0.036814s ]
INFO: [ view_filter ] --START--
INFO: Run Behavior\WriteHtmlCacheBehavior [ RunTime:0.000639s ]
INFO: [ view_filter ] --END-- [ RunTime:0.000853s ]
INFO: [ app_end ] --START--
INFO: Run Behavior\ShowPageTraceBehavior [ RunTime:0.000952s ]
INFO: [ app_end ] --END-- [ RunTime:0.001160s ]

[ 2016-11-30T09:13:12+08:00 ] 127.0.0.1 /thinkphp/mouqu.php/Home/User/user.html
INFO: [ app_init ] --START--
INFO: Run Behavior\BuildLiteBehavior [ RunTime:0.000031s ]
INFO: [ app_init ] --END-- [ RunTime:0.000488s ]
INFO: [ app_begin ] --START--
INFO: Run Behavior\ReadHtmlCacheBehavior [ RunTime:0.000622s ]
INFO: [ app_begin ] --END-- [ RunTime:0.000765s ]
SQL: SHOW COLUMNS FROM `user` [ RunTime:0.0640s ]
SQL: SELECT COUNT(*) AS tp_count FROM `user` LIMIT 1   [ RunTime:0.0006s ]
SQL: SELECT `username`,`created`,`sex`,`age`,`tag`,`location`,`hometown`,`phone`,`info` FROM `user` LIMIT 0,8   [ RunTime:0.0006s ]
INFO: [ view_parse ] --START--
INFO: [ template_filter ] --START--
INFO: Run Behavior\ContentReplaceBehavior [ RunTime:0.000265s ]
INFO: [ template_filter ] --END-- [ RunTime:0.000622s ]
INFO: Run Behavior\ParseTemplateBehavior [ RunTime:0.063447s ]
INFO: [ view_parse ] --END-- [ RunTime:0.063831s ]
INFO: [ view_filter ] --START--
INFO: Run Behavior\WriteHtmlCacheBehavior [ RunTime:0.001149s ]
INFO: [ view_filter ] --END-- [ RunTime:0.001493s ]
INFO: [ app_end ] --START--
INFO: Run Behavior\ShowPageTraceBehavior [ RunTime:0.001550s ]
INFO: [ app_end ] --END-- [ RunTime:0.001890s ]

[ 2016-11-30T09:13:14+08:00 ] 127.0.0.1 /thinkphp/mouqu.php/Home/Admin/manager.html
INFO: [ app_init ] --START--
INFO: Run Behavior\BuildLiteBehavior [ RunTime:0.000036s ]
INFO: [ app_init ] --END-- [ RunTime:0.000584s ]
INFO: [ app_begin ] --START--
INFO: Run Behavior\ReadHtmlCacheBehavior [ RunTime:0.000670s ]
INFO: [ app_begin ] --END-- [ RunTime:0.000840s ]
SQL: SHOW COLUMNS FROM `admin` [ RunTime:0.0054s ]
SQL: SELECT COUNT(*) AS tp_count FROM `admin` LIMIT 1   [ RunTime:0.0003s ]
SQL: SELECT * FROM `admin` LIMIT 0,3   [ RunTime:0.0008s ]
INFO: [ view_parse ] --START--
INFO: [ template_filter ] --START--
INFO: Run Behavior\ContentReplaceBehavior [ RunTime:0.000112s ]
INFO: [ template_filter ] --END-- [ RunTime:0.000262s ]
INFO: Run Behavior\ParseTemplateBehavior [ RunTime:0.015900s ]
INFO: [ view_parse ] --END-- [ RunTime:0.016061s ]
INFO: [ view_filter ] --START--
INFO: Run Behavior\WriteHtmlCacheBehavior [ RunTime:0.000472s ]
INFO: [ view_filter ] --END-- [ RunTime:0.000613s ]
INFO: [ app_end ] --START--
INFO: Run Behavior\ShowPageTraceBehavior [ RunTime:0.000640s ]
INFO: [ app_end ] --END-- [ RunTime:0.000798s ]

[ 2016-11-30T09:13:15+08:00 ] 127.0.0.1 /thinkphp/mouqu.php/Home/User/user.html
INFO: [ app_init ] --START--
INFO: Run Behavior\BuildLiteBehavior [ RunTime:0.000032s ]
INFO: [ app_init ] --END-- [ RunTime:0.000538s ]
INFO: [ app_begin ] --START--
INFO: Run Behavior\ReadHtmlCacheBehavior [ RunTime:0.000634s ]
INFO: [ app_begin ] --END-- [ RunTime:0.000785s ]
SQL: SHOW COLUMNS FROM `user` [ RunTime:0.0055s ]
SQL: SELECT COUNT(*) AS tp_count FROM `user` LIMIT 1   [ RunTime:0.0003s ]
SQL: SELECT `username`,`created`,`sex`,`age`,`tag`,`location`,`hometown`,`phone`,`info` FROM `user` LIMIT 0,8   [ RunTime:0.0003s ]
INFO: [ view_parse ] --START--
INFO: [ template_filter ] --START--
INFO: Run Behavior\ContentReplaceBehavior [ RunTime:0.000119s ]
INFO: [ template_filter ] --END-- [ RunTime:0.000294s ]
INFO: Run Behavior\ParseTemplateBehavior [ RunTime:0.015843s ]
INFO: [ view_parse ] --END-- [ RunTime:0.016040s ]
INFO: [ view_filter ] --START--
INFO: Run Behavior\WriteHtmlCacheBehavior [ RunTime:0.000385s ]
INFO: [ view_filter ] --END-- [ RunTime:0.000516s ]
INFO: [ app_end ] --START--
INFO: Run Behavior\ShowPageTraceBehavior [ RunTime:0.000626s ]
INFO: [ app_end ] --END-- [ RunTime:0.000756s ]

[ 2016-11-30T09:13:16+08:00 ] 127.0.0.1 /thinkphp/mouqu.php/Home/Admin/manager.html
INFO: [ app_init ] --START--
INFO: Run Behavior\BuildLiteBehavior [ RunTime:0.000038s ]
INFO: [ app_init ] --END-- [ RunTime:0.000575s ]
INFO: [ app_begin ] --START--
INFO: Run Behavior\ReadHtmlCacheBehavior [ RunTime:0.000733s ]
INFO: [ app_begin ] --END-- [ RunTime:0.000898s ]
SQL: SHOW COLUMNS FROM `admin` [ RunTime:0.0039s ]
SQL: SELECT COUNT(*) AS tp_count FROM `admin` LIMIT 1   [ RunTime:0.0003s ]
SQL: SELECT * FROM `admin` LIMIT 0,3   [ RunTime:0.0003s ]
INFO: [ view_parse ] --START--
INFO: [ template_filter ] --START--
INFO: Run Behavior\ContentReplaceBehavior [ RunTime:0.000116s ]
INFO: [ template_filter ] --END-- [ RunTime:0.000272s ]
INFO: Run Behavior\ParseTemplateBehavior [ RunTime:0.016324s ]
INFO: [ view_parse ] --END-- [ RunTime:0.016504s ]
INFO: [ view_filter ] --START--
INFO: Run Behavior\WriteHtmlCacheBehavior [ RunTime:0.000392s ]
INFO: [ view_filter ] --END-- [ RunTime:0.000536s ]
INFO: [ app_end ] --START--
INFO: Run Behavior\ShowPageTraceBehavior [ RunTime:0.000656s ]
INFO: [ app_end ] --END-- [ RunTime:0.000786s ]

[ 2016-11-30T09:13:17+08:00 ] 127.0.0.1 /thinkphp/mouqu.php/Home/Address/address.html
INFO: [ app_init ] --START--
INFO: Run Behavior\BuildLiteBehavior [ RunTime:0.000032s ]
INFO: [ app_init ] --END-- [ RunTime:0.000498s ]
INFO: [ app_begin ] --START--
INFO: Run Behavior\ReadHtmlCacheBehavior [ RunTime:0.000840s ]
INFO: [ app_begin ] --END-- [ RunTime:0.001072s ]
SQL: SHOW COLUMNS FROM `address` [ RunTime:0.0048s ]
SQL: SELECT COUNT(*) AS tp_count FROM `address` LIMIT 1   [ RunTime:0.0003s ]
SQL: SELECT * FROM `address` LIMIT 0,8   [ RunTime:0.0002s ]
INFO: [ view_parse ] --START--
INFO: [ template_filter ] --START--
INFO: Run Behavior\ContentReplaceBehavior [ RunTime:0.000114s ]
INFO: [ template_filter ] --END-- [ RunTime:0.000260s ]
INFO: Run Behavior\ParseTemplateBehavior [ RunTime:0.015697s ]
INFO: [ view_parse ] --END-- [ RunTime:0.015854s ]
INFO: [ view_filter ] --START--
INFO: Run Behavior\WriteHtmlCacheBehavior [ RunTime:0.000457s ]
INFO: [ view_filter ] --END-- [ RunTime:0.000599s ]
INFO: [ app_end ] --START--
INFO: Run Behavior\ShowPageTraceBehavior [ RunTime:0.000626s ]
INFO: [ app_end ] --END-- [ RunTime:0.000821s ]

[ 2016-11-30T09:13:18+08:00 ] 127.0.0.1 /thinkphp/mouqu.php/Home/Check/check.html
INFO: [ app_init ] --START--
INFO: Run Behavior\BuildLiteBehavior [ RunTime:0.000060s ]
INFO: [ app_init ] --END-- [ RunTime:0.000656s ]
INFO: [ app_begin ] --START--
INFO: Run Behavior\ReadHtmlCacheBehavior [ RunTime:0.000792s ]
INFO: [ app_begin ] --END-- [ RunTime:0.000960s ]
SQL: SHOW COLUMNS FROM `check_info` [ RunTime:0.0064s ]
SQL: SELECT COUNT(*) AS tp_count FROM `check_info` LIMIT 1   [ RunTime:0.0003s ]
SQL: SELECT check_info.id,check_info.name,check_info.remarks,check_info.status,user.username FROM `check_info` left JOIN user ON user.id=check_info.userid   LIMIT 0,8   [ RunTime:0.0004s ]
INFO: [ view_parse ] --START--
INFO: [ template_filter ] --START--
INFO: Run Behavior\ContentReplaceBehavior [ RunTime:0.000116s ]
INFO: [ template_filter ] --END-- [ RunTime:0.000276s ]
INFO: Run Behavior\ParseTemplateBehavior [ RunTime:0.016558s ]
INFO: [ view_parse ] --END-- [ RunTime:0.016777s ]
INFO: [ view_filter ] --START--
INFO: Run Behavior\WriteHtmlCacheBehavior [ RunTime:0.000519s ]
INFO: [ view_filter ] --END-- [ RunTime:0.000670s ]
INFO: [ app_end ] --START--
INFO: Run Behavior\ShowPageTraceBehavior [ RunTime:0.000731s ]
INFO: [ app_end ] --END-- [ RunTime:0.000888s ]

[ 2016-11-30T09:13:18+08:00 ] 127.0.0.1 /thinkphp/mouqu.php/Home/Orders/create.html
INFO: [ app_init ] --START--
INFO: Run Behavior\BuildLiteBehavior [ RunTime:0.000033s ]
INFO: [ app_init ] --END-- [ RunTime:0.000573s ]
INFO: [ app_begin ] --START--
INFO: Run Behavior\ReadHtmlCacheBehavior [ RunTime:0.000670s ]
INFO: [ app_begin ] --END-- [ RunTime:0.000833s ]
INFO: [ view_parse ] --START--
INFO: [ template_filter ] --START--
INFO: Run Behavior\ContentReplaceBehavior [ RunTime:0.000119s ]
INFO: [ template_filter ] --END-- [ RunTime:0.000285s ]
INFO: Run Behavior\ParseTemplateBehavior [ RunTime:0.012903s ]
INFO: [ view_parse ] --END-- [ RunTime:0.013103s ]
INFO: [ view_filter ] --START--
INFO: Run Behavior\WriteHtmlCacheBehavior [ RunTime:0.000583s ]
INFO: [ view_filter ] --END-- [ RunTime:0.000786s ]
INFO: [ app_end ] --START--
INFO: Run Behavior\ShowPageTraceBehavior [ RunTime:0.000671s ]
INFO: [ app_end ] --END-- [ RunTime:0.000808s ]

[ 2016-11-30T09:13:19+08:00 ] 127.0.0.1 /thinkphp/mouqu.php/Home/Orders/orders.html
INFO: [ app_init ] --START--
INFO: Run Behavior\BuildLiteBehavior [ RunTime:0.000031s ]
INFO: [ app_init ] --END-- [ RunTime:0.000537s ]
INFO: [ app_begin ] --START--
INFO: Run Behavior\ReadHtmlCacheBehavior [ RunTime:0.000800s ]
INFO: [ app_begin ] --END-- [ RunTime:0.000968s ]
SQL: SHOW COLUMNS FROM `orders` [ RunTime:0.0040s ]
SQL: SELECT COUNT(*) AS tp_count FROM `orders` LIMIT 1   [ RunTime:0.0003s ]
SQL: SELECT orders.*,user.username FROM `orders` left JOIN user ON user.id=orders.ad_id   ORDER BY orders.create desc,orders.orderstatus LIMIT 0,8   [ RunTime:0.0006s ]
INFO: [ view_parse ] --START--
INFO: [ template_filter ] --START--
INFO: Run Behavior\ContentReplaceBehavior [ RunTime:0.000121s ]
INFO: [ template_filter ] --END-- [ RunTime:0.000267s ]
INFO: Run Behavior\ParseTemplateBehavior [ RunTime:0.022930s ]
INFO: [ view_parse ] --END-- [ RunTime:0.023091s ]
INFO: [ view_filter ] --START--
INFO: Run Behavior\WriteHtmlCacheBehavior [ RunTime:0.000511s ]
INFO: [ view_filter ] --END-- [ RunTime:0.000668s ]
INFO: [ app_end ] --START--
INFO: Run Behavior\ShowPageTraceBehavior [ RunTime:0.000895s ]
INFO: [ app_end ] --END-- [ RunTime:0.001164s ]

[ 2016-11-30T09:13:20+08:00 ] 127.0.0.1 /thinkphp/mouqu.php/Home/Index/index.html
INFO: [ app_init ] --START--
INFO: Run Behavior\BuildLiteBehavior [ RunTime:0.000032s ]
INFO: [ app_init ] --END-- [ RunTime:0.000527s ]
INFO: [ app_begin ] --START--
INFO: Run Behavior\ReadHtmlCacheBehavior [ RunTime:0.000697s ]
INFO: [ app_begin ] --END-- [ RunTime:0.000903s ]
INFO: [ view_parse ] --START--
INFO: [ template_filter ] --START--
INFO: Run Behavior\ContentReplaceBehavior [ RunTime:0.000241s ]
INFO: [ template_filter ] --END-- [ RunTime:0.000570s ]
INFO: Run Behavior\ParseTemplateBehavior [ RunTime:0.020324s ]
INFO: [ view_parse ] --END-- [ RunTime:0.020679s ]
INFO: [ view_filter ] --START--
INFO: Run Behavior\WriteHtmlCacheBehavior [ RunTime:0.000881s ]
INFO: [ view_filter ] --END-- [ RunTime:0.001198s ]
INFO: [ app_end ] --START--
INFO: Run Behavior\ShowPageTraceBehavior [ RunTime:0.001224s ]
INFO: [ app_end ] --END-- [ RunTime:0.001690s ]

[ 2016-11-30T11:01:47+08:00 ] 127.0.0.1 /thinkphp/mouqu.php/Home/Orders/orders.html
INFO: [ app_init ] --START--
INFO: Run Behavior\BuildLiteBehavior [ RunTime:0.000161s ]
INFO: [ app_init ] --END-- [ RunTime:0.011083s ]
INFO: [ app_begin ] --START--
INFO: Run Behavior\ReadHtmlCacheBehavior [ RunTime:0.015297s ]
INFO: [ app_begin ] --END-- [ RunTime:0.015775s ]
SQL: SHOW COLUMNS FROM `orders` [ RunTime:0.0148s ]
SQL: SELECT COUNT(*) AS tp_count FROM `orders` LIMIT 1   [ RunTime:0.0011s ]
SQL: SELECT orders.*,user.username FROM `orders` left JOIN user ON user.id=orders.ad_id   ORDER BY orders.create desc,orders.orderstatus LIMIT 0,8   [ RunTime:0.0028s ]
INFO: [ view_parse ] --START--
INFO: [ template_filter ] --START--
INFO: Run Behavior\ContentReplaceBehavior [ RunTime:0.000360s ]
INFO: [ template_filter ] --END-- [ RunTime:0.000877s ]
INFO: Run Behavior\ParseTemplateBehavior [ RunTime:0.132847s ]
INFO: [ view_parse ] --END-- [ RunTime:0.133110s ]
INFO: [ view_filter ] --START--
INFO: Run Behavior\WriteHtmlCacheBehavior [ RunTime:0.019588s ]
INFO: [ view_filter ] --END-- [ RunTime:0.019856s ]
INFO: [ app_end ] --START--
INFO: Run Behavior\ShowPageTraceBehavior [ RunTime:0.002217s ]
INFO: [ app_end ] --END-- [ RunTime:0.002694s ]

[ 2016-11-30T13:04:30+08:00 ] 127.0.0.1 /thinkphp/mouqu.php/Home/Orders/orders.html
INFO: [ app_init ] --START--
INFO: Run Behavior\BuildLiteBehavior [ RunTime:0.000030s ]
INFO: [ app_init ] --END-- [ RunTime:0.000541s ]
INFO: [ app_begin ] --START--
INFO: Run Behavior\ReadHtmlCacheBehavior [ RunTime:0.000604s ]
INFO: [ app_begin ] --END-- [ RunTime:0.000744s ]
SQL: SHOW COLUMNS FROM `orders` [ RunTime:0.0194s ]
SQL: SELECT COUNT(*) AS tp_count FROM `orders` LIMIT 1   [ RunTime:0.0005s ]
SQL: SELECT orders.*,user.username FROM `orders` left JOIN user ON user.id=orders.ad_id   ORDER BY orders.create desc,orders.orderstatus LIMIT 0,8   [ RunTime:0.0011s ]
INFO: [ view_parse ] --START--
INFO: [ template_filter ] --START--
INFO: Run Behavior\ContentReplaceBehavior [ RunTime:0.000127s ]
INFO: [ template_filter ] --END-- [ RunTime:0.000293s ]
INFO: Run Behavior\ParseTemplateBehavior [ RunTime:0.025250s ]
INFO: [ view_parse ] --END-- [ RunTime:0.025402s ]
INFO: [ view_filter ] --START--
INFO: Run Behavior\WriteHtmlCacheBehavior [ RunTime:0.000478s ]
INFO: [ view_filter ] --END-- [ RunTime:0.000606s ]
INFO: [ app_end ] --START--
INFO: Run Behavior\ShowPageTraceBehavior [ RunTime:0.000696s ]
INFO: [ app_end ] --END-- [ RunTime:0.000849s ]

[ 2016-11-30T13:25:06+08:00 ] 127.0.0.1 /thinkphp/mouqu.php/Home/Orders/orders.html
INFO: [ app_init ] --START--
INFO: Run Behavior\BuildLiteBehavior [ RunTime:0.000037s ]
INFO: [ app_init ] --END-- [ RunTime:0.000647s ]
INFO: [ app_begin ] --START--
INFO: Run Behavior\ReadHtmlCacheBehavior [ RunTime:0.000802s ]
INFO: [ app_begin ] --END-- [ RunTime:0.001005s ]
SQL: SHOW COLUMNS FROM `orders` [ RunTime:0.0064s ]
SQL: SELECT COUNT(*) AS tp_count FROM `orders` LIMIT 1   [ RunTime:0.0005s ]
SQL: SELECT orders.*,user.username FROM `orders` left JOIN user ON user.id=orders.ad_id   ORDER BY orders.create desc,orders.orderstatus LIMIT 0,8   [ RunTime:0.0012s ]
INFO: [ view_parse ] --START--
INFO: [ template_filter ] --START--
INFO: Run Behavior\ContentReplaceBehavior [ RunTime:0.000150s ]
INFO: [ template_filter ] --END-- [ RunTime:0.000329s ]
INFO: Run Behavior\ParseTemplateBehavior [ RunTime:0.026152s ]
INFO: [ view_parse ] --END-- [ RunTime:0.026320s ]
INFO: [ view_filter ] --START--
INFO: Run Behavior\WriteHtmlCacheBehavior [ RunTime:0.000537s ]
INFO: [ view_filter ] --END-- [ RunTime:0.000672s ]
INFO: [ app_end ] --START--
INFO: Run Behavior\ShowPageTraceBehavior [ RunTime:0.000818s ]
INFO: [ app_end ] --END-- [ RunTime:0.000974s ]

[ 2016-11-30T14:03:28+08:00 ] 127.0.0.1 /thinkphp/mouqu.php/Home/Orders/orders.html
INFO: [ app_init ] --START--
INFO: Run Behavior\BuildLiteBehavior [ RunTime:0.000080s ]
INFO: [ app_init ] --END-- [ RunTime:0.010559s ]
INFO: [ app_begin ] --START--
INFO: Run Behavior\ReadHtmlCacheBehavior [ RunTime:0.014850s ]
INFO: [ app_begin ] --END-- [ RunTime:0.015244s ]
SQL: SHOW COLUMNS FROM `orders` [ RunTime:0.0591s ]
SQL: SELECT COUNT(*) AS tp_count FROM `orders` LIMIT 1   [ RunTime:0.0012s ]
SQL: SELECT orders.*,user.username FROM `orders` left JOIN user ON user.id=orders.ad_id   ORDER BY orders.create desc,orders.orderstatus LIMIT 0,8   [ RunTime:0.0019s ]
INFO: [ view_parse ] --START--
INFO: [ template_filter ] --START--
INFO: Run Behavior\ContentReplaceBehavior [ RunTime:0.000177s ]
INFO: [ template_filter ] --END-- [ RunTime:0.000375s ]
INFO: Run Behavior\ParseTemplateBehavior [ RunTime:0.063136s ]
INFO: [ view_parse ] --END-- [ RunTime:0.063364s ]
INFO: [ view_filter ] --START--
INFO: Run Behavior\WriteHtmlCacheBehavior [ RunTime:0.023718s ]
INFO: [ view_filter ] --END-- [ RunTime:0.023877s ]
INFO: [ app_end ] --START--
INFO: Run Behavior\ShowPageTraceBehavior [ RunTime:0.001612s ]
INFO: [ app_end ] --END-- [ RunTime:0.002164s ]

[ 2016-11-30T14:13:47+08:00 ] 127.0.0.1 /thinkphp/mouqu.php/Home/Orders/orders.html
INFO: [ app_init ] --START--
INFO: Run Behavior\BuildLiteBehavior [ RunTime:0.000057s ]
INFO: [ app_init ] --END-- [ RunTime:0.000815s ]
INFO: [ app_begin ] --START--
INFO: Run Behavior\ReadHtmlCacheBehavior [ RunTime:0.000818s ]
INFO: [ app_begin ] --END-- [ RunTime:0.000977s ]
SQL: SHOW COLUMNS FROM `orders` [ RunTime:0.0044s ]
SQL: SELECT COUNT(*) AS tp_count FROM `orders` LIMIT 1   [ RunTime:0.0004s ]
SQL: SELECT orders.*,user.username FROM `orders` left JOIN user ON user.id=orders.ad_id   ORDER BY orders.create desc,orders.orderstatus LIMIT 0,8   [ RunTime:0.0006s ]
INFO: [ view_parse ] --START--
INFO: [ template_filter ] --START--
INFO: Run Behavior\ContentReplaceBehavior [ RunTime:0.000125s ]
INFO: [ template_filter ] --END-- [ RunTime:0.000278s ]
INFO: Run Behavior\ParseTemplateBehavior [ RunTime:0.025017s ]
INFO: [ view_parse ] --END-- [ RunTime:0.025192s ]
INFO: [ view_filter ] --START--
INFO: Run Behavior\WriteHtmlCacheBehavior [ RunTime:0.000728s ]
INFO: [ view_filter ] --END-- [ RunTime:0.000872s ]
INFO: [ app_end ] --START--
INFO: Run Behavior\ShowPageTraceBehavior [ RunTime:0.001315s ]
INFO: [ app_end ] --END-- [ RunTime:0.001627s ]

[ 2016-11-30T14:13:50+08:00 ] 127.0.0.1 /thinkphp/mouqu.php/Home/Orders/create.html
INFO: [ app_init ] --START--
INFO: Run Behavior\BuildLiteBehavior [ RunTime:0.000045s ]
INFO: [ app_init ] --END-- [ RunTime:0.000757s ]
INFO: [ app_begin ] --START--
INFO: Run Behavior\ReadHtmlCacheBehavior [ RunTime:0.000856s ]
INFO: [ app_begin ] --END-- [ RunTime:0.001031s ]
INFO: [ view_parse ] --START--
INFO: [ template_filter ] --START--
INFO: Run Behavior\ContentReplaceBehavior [ RunTime:0.000123s ]
INFO: [ template_filter ] --END-- [ RunTime:0.000324s ]
INFO: Run Behavior\ParseTemplateBehavior [ RunTime:0.015945s ]
INFO: [ view_parse ] --END-- [ RunTime:0.016201s ]
INFO: [ view_filter ] --START--
INFO: Run Behavior\WriteHtmlCacheBehavior [ RunTime:0.000645s ]
INFO: [ view_filter ] --END-- [ RunTime:0.000799s ]
INFO: [ app_end ] --START--
INFO: Run Behavior\ShowPageTraceBehavior [ RunTime:0.000691s ]
INFO: [ app_end ] --END-- [ RunTime:0.000847s ]

[ 2016-11-30T14:14:23+08:00 ] 127.0.0.1 /thinkphp/mouqu.php/Home/Orders/order.html
INFO: [ app_init ] --START--
INFO: Run Behavior\BuildLiteBehavior [ RunTime:0.000056s ]
INFO: [ app_init ] --END-- [ RunTime:0.000817s ]
INFO: [ app_begin ] --START--
INFO: Run Behavior\ReadHtmlCacheBehavior [ RunTime:0.000798s ]
INFO: [ app_begin ] --END-- [ RunTime:0.000972s ]
SQL: SHOW COLUMNS FROM `orders` [ RunTime:0.0422s ]
NOTIC: [8] Undefined index: validate D:\wamp\www\thinkphp\ThinkPHP\Library\Think\Model.class.php 第 1185 行.
NOTIC: [8] Undefined index: auto D:\wamp\www\thinkphp\ThinkPHP\Library\Think\Model.class.php 第 1128 行.
SQL: INSERT INTO `orders` (`orderid`,`ad_id`,`content`,`price`,`num`,`tag`,`mobile`,`address`,`create`,`servicestatus`,`manage`) VALUES ('MQ_201611301413501947','1','个股跌幅高达让你给父母就还有库伊特可以','1000','1','旅游','2147483647','杭州市上城区金峰大厦','2016-11-30 14:14:23','0','FLYcricket') [ RunTime:0.1078s ]
INFO: [ view_parse ] --START--
INFO: [ template_filter ] --START--
INFO: Run Behavior\ContentReplaceBehavior [ RunTime:0.000201s ]
INFO: [ template_filter ] --END-- [ RunTime:0.000593s ]
INFO: Run Behavior\ParseTemplateBehavior [ RunTime:0.027525s ]
INFO: [ view_parse ] --END-- [ RunTime:0.028217s ]
INFO: [ view_filter ] --START--
INFO: Run Behavior\WriteHtmlCacheBehavior [ RunTime:0.001347s ]
INFO: [ view_filter ] --END-- [ RunTime:0.001739s ]
INFO: [ app_end ] --START--
INFO: Run Behavior\ShowPageTraceBehavior [ RunTime:0.002289s ]
INFO: [ app_end ] --END-- [ RunTime:0.002780s ]

[ 2016-11-30T14:14:24+08:00 ] 127.0.0.1 /thinkphp/mouqu.php/Home/Orders/orders.html
INFO: [ app_init ] --START--
INFO: Run Behavior\BuildLiteBehavior [ RunTime:0.000055s ]
INFO: [ app_init ] --END-- [ RunTime:0.000536s ]
INFO: [ app_begin ] --START--
INFO: Run Behavior\ReadHtmlCacheBehavior [ RunTime:0.000666s ]
INFO: [ app_begin ] --END-- [ RunTime:0.000808s ]
SQL: SHOW COLUMNS FROM `orders` [ RunTime:0.0237s ]
SQL: SELECT COUNT(*) AS tp_count FROM `orders` LIMIT 1   [ RunTime:0.0003s ]
SQL: SELECT orders.*,user.username FROM `orders` left JOIN user ON user.id=orders.ad_id   ORDER BY orders.create desc,orders.orderstatus LIMIT 0,8   [ RunTime:0.0006s ]
INFO: [ view_parse ] --START--
INFO: [ template_filter ] --START--
INFO: Run Behavior\ContentReplaceBehavior [ RunTime:0.000122s ]
INFO: [ template_filter ] --END-- [ RunTime:0.000282s ]
INFO: Run Behavior\ParseTemplateBehavior [ RunTime:0.022601s ]
INFO: [ view_parse ] --END-- [ RunTime:0.022759s ]
INFO: [ view_filter ] --START--
INFO: Run Behavior\WriteHtmlCacheBehavior [ RunTime:0.000634s ]
INFO: [ view_filter ] --END-- [ RunTime:0.000766s ]
INFO: [ app_end ] --START--
INFO: Run Behavior\ShowPageTraceBehavior [ RunTime:0.001137s ]
INFO: [ app_end ] --END-- [ RunTime:0.001367s ]

[ 2016-11-30T14:51:51+08:00 ] 127.0.0.1 /thinkphp/mouqu.php/Home/Orders/orders/p/2.html
INFO: [ app_init ] --START--
INFO: Run Behavior\BuildLiteBehavior [ RunTime:0.000031s ]
INFO: [ app_init ] --END-- [ RunTime:0.000566s ]
INFO: [ app_begin ] --START--
INFO: Run Behavior\ReadHtmlCacheBehavior [ RunTime:0.000743s ]
INFO: [ app_begin ] --END-- [ RunTime:0.000913s ]
SQL: SHOW COLUMNS FROM `orders` [ RunTime:0.0083s ]
SQL: SELECT COUNT(*) AS tp_count FROM `orders` LIMIT 1   [ RunTime:0.0004s ]
SQL: SELECT orders.*,user.username FROM `orders` left JOIN user ON user.id=orders.ad_id   ORDER BY orders.create desc,orders.orderstatus LIMIT 8,8   [ RunTime:0.0010s ]
INFO: [ view_parse ] --START--
INFO: [ template_filter ] --START--
INFO: Run Behavior\ContentReplaceBehavior [ RunTime:0.000182s ]
INFO: [ template_filter ] --END-- [ RunTime:0.000360s ]
INFO: Run Behavior\ParseTemplateBehavior [ RunTime:0.019796s ]
INFO: [ view_parse ] --END-- [ RunTime:0.019948s ]
INFO: [ view_filter ] --START--
INFO: Run Behavior\WriteHtmlCacheBehavior [ RunTime:0.000619s ]
INFO: [ view_filter ] --END-- [ RunTime:0.000750s ]
INFO: [ app_end ] --START--
INFO: Run Behavior\ShowPageTraceBehavior [ RunTime:0.000764s ]
INFO: [ app_end ] --END-- [ RunTime:0.000897s ]

[ 2016-11-30T14:51:53+08:00 ] 127.0.0.1 /thinkphp/mouqu.php/Home/Orders/orders/p/1.html
INFO: [ app_init ] --START--
INFO: Run Behavior\BuildLiteBehavior [ RunTime:0.000036s ]
INFO: [ app_init ] --END-- [ RunTime:0.000645s ]
INFO: [ app_begin ] --START--
INFO: Run Behavior\ReadHtmlCacheBehavior [ RunTime:0.000925s ]
INFO: [ app_begin ] --END-- [ RunTime:0.001197s ]
SQL: SHOW COLUMNS FROM `orders` [ RunTime:0.0072s ]
SQL: SELECT COUNT(*) AS tp_count FROM `orders` LIMIT 1   [ RunTime:0.0003s ]
SQL: SELECT orders.*,user.username FROM `orders` left JOIN user ON user.id=orders.ad_id   ORDER BY orders.create desc,orders.orderstatus LIMIT 0,8   [ RunTime:0.0006s ]
INFO: [ view_parse ] --START--
INFO: [ template_filter ] --START--
INFO: Run Behavior\ContentReplaceBehavior [ RunTime:0.000145s ]
INFO: [ template_filter ] --END-- [ RunTime:0.000318s ]
INFO: Run Behavior\ParseTemplateBehavior [ RunTime:0.027495s ]
INFO: [ view_parse ] --END-- [ RunTime:0.027677s ]
INFO: [ view_filter ] --START--
INFO: Run Behavior\WriteHtmlCacheBehavior [ RunTime:0.000911s ]
INFO: [ view_filter ] --END-- [ RunTime:0.001075s ]
INFO: [ app_end ] --START--
INFO: Run Behavior\ShowPageTraceBehavior [ RunTime:0.001153s ]
INFO: [ app_end ] --END-- [ RunTime:0.001338s ]

