[ 2016-11-18T11:51:01+08:00 ] 127.0.0.1 /thinkphp/mouqu.php
INFO: [ app_init ] --START--
INFO: Run Behavior\BuildLiteBehavior [ RunTime:0.000039s ]
INFO: [ app_init ] --END-- [ RunTime:0.000245s ]
INFO: [ app_begin ] --START--
INFO: Run Behavior\ReadHtmlCacheBehavior [ RunTime:0.000891s ]
INFO: [ app_begin ] --END-- [ RunTime:0.001081s ]
INFO: [ view_parse ] --START--
INFO: [ template_filter ] --START--
INFO: Run Behavior\ContentReplaceBehavior [ RunTime:0.000087s ]
INFO: [ template_filter ] --END-- [ RunTime:0.000259s ]
INFO: Run Behavior\ParseTemplateBehavior [ RunTime:0.008508s ]
INFO: [ view_parse ] --END-- [ RunTime:0.008815s ]
INFO: [ view_filter ] --START--
INFO: Run Behavior\WriteHtmlCacheBehavior [ RunTime:0.001261s ]
INFO: [ view_filter ] --END-- [ RunTime:0.001590s ]
INFO: [ app_end ] --START--
INFO: Run Behavior\ShowPageTraceBehavior [ RunTime:0.000917s ]
INFO: [ app_end ] --END-- [ RunTime:0.001108s ]

[ 2016-11-18T11:56:31+08:00 ] 127.0.0.1 /thinkphp/mouqu.php
INFO: [ app_init ] --START--
INFO: Run Behavior\BuildLiteBehavior [ RunTime:0.000079s ]
INFO: [ app_init ] --END-- [ RunTime:0.010525s ]
INFO: [ app_begin ] --START--
INFO: Run Behavior\ReadHtmlCacheBehavior [ RunTime:0.016371s ]
INFO: [ app_begin ] --END-- [ RunTime:0.017006s ]
INFO: [ view_parse ] --START--
INFO: [ template_filter ] --START--
INFO: Run Behavior\ContentReplaceBehavior [ RunTime:0.000191s ]
INFO: [ template_filter ] --END-- [ RunTime:0.000540s ]
INFO: Run Behavior\ParseTemplateBehavior [ RunTime:0.048206s ]
INFO: [ view_parse ] --END-- [ RunTime:0.048578s ]
INFO: [ view_filter ] --START--
INFO: Run Behavior\WriteHtmlCacheBehavior [ RunTime:0.001666s ]
INFO: [ view_filter ] --END-- [ RunTime:0.002005s ]

[ 2016-11-18T11:56:32+08:00 ] 127.0.0.1 /thinkphp/mouqu.php/Home/Login/login.html
INFO: [ app_init ] --START--
INFO: Run Behavior\BuildLiteBehavior [ RunTime:0.000058s ]
INFO: [ app_init ] --END-- [ RunTime:0.000795s ]
INFO: [ app_begin ] --START--
INFO: Run Behavior\ReadHtmlCacheBehavior [ RunTime:0.001133s ]
INFO: [ app_begin ] --END-- [ RunTime:0.001432s ]
INFO: [ view_parse ] --START--
INFO: [ template_filter ] --START--
INFO: Run Behavior\ContentReplaceBehavior [ RunTime:0.000093s ]
INFO: [ template_filter ] --END-- [ RunTime:0.000260s ]
NOTIC: [8] Undefined variable: error_tips D:\wamp\www\thinkphp\Mouqu\Runtime\Cache\Home\ec7bf4e9685a64d00f7346ec6ee8767d.php 第 13 行.
INFO: Run Behavior\ParseTemplateBehavior [ RunTime:0.008059s ]
INFO: [ view_parse ] --END-- [ RunTime:0.008233s ]
INFO: [ view_filter ] --START--
INFO: Run Behavior\WriteHtmlCacheBehavior [ RunTime:0.000539s ]
INFO: [ view_filter ] --END-- [ RunTime:0.000685s ]
INFO: [ app_end ] --START--
INFO: Run Behavior\ShowPageTraceBehavior [ RunTime:0.027137s ]
INFO: [ app_end ] --END-- [ RunTime:0.027302s ]

[ 2016-11-18T11:56:36+08:00 ] 127.0.0.1 /thinkphp/mouqu.php/Home/Login/checklogin.html
INFO: [ app_init ] --START--
INFO: Run Behavior\BuildLiteBehavior [ RunTime:0.000038s ]
INFO: [ app_init ] --END-- [ RunTime:0.000560s ]
INFO: [ app_begin ] --START--
INFO: Run Behavior\ReadHtmlCacheBehavior [ RunTime:0.000862s ]
INFO: [ app_begin ] --END-- [ RunTime:0.001046s ]
SQL: SHOW COLUMNS FROM `admin` [ RunTime:0.0042s ]
SQL: SELECT * FROM `admin` WHERE ( username='小飞' ) LIMIT 1   [ RunTime:0.0003s ]
NOTIC: [8] Undefined index: power D:\wamp\www\thinkphp\Mouqu\Home\Controller\LoginController.class.php 第 28 行.
SQL: update admin set login_log = '2016-11-18 11:56:36' where username='小飞'  [ RunTime:0.1286s ]
INFO: [ view_parse ] --START--
INFO: [ template_filter ] --START--
INFO: Run Behavior\ContentReplaceBehavior [ RunTime:0.000136s ]
INFO: [ template_filter ] --END-- [ RunTime:0.000357s ]
INFO: Run Behavior\ParseTemplateBehavior [ RunTime:0.010595s ]
INFO: [ view_parse ] --END-- [ RunTime:0.010829s ]
INFO: [ view_filter ] --START--
INFO: Run Behavior\WriteHtmlCacheBehavior [ RunTime:0.000693s ]
INFO: [ view_filter ] --END-- [ RunTime:0.000968s ]
INFO: [ app_end ] --START--
INFO: Run Behavior\ShowPageTraceBehavior [ RunTime:0.001092s ]
INFO: [ app_end ] --END-- [ RunTime:0.001348s ]

[ 2016-11-18T11:56:39+08:00 ] 127.0.0.1 /thinkphp/mouqu.php/Home/Index/index.html
INFO: [ app_init ] --START--
INFO: Run Behavior\BuildLiteBehavior [ RunTime:0.000046s ]
INFO: [ app_init ] --END-- [ RunTime:0.000723s ]
INFO: [ app_begin ] --START--
INFO: Run Behavior\ReadHtmlCacheBehavior [ RunTime:0.001094s ]
INFO: [ app_begin ] --END-- [ RunTime:0.001358s ]
INFO: [ view_parse ] --START--
NOTIC: [2] file_get_contents(./Mouqu/Home/View/Common/header.html): failed to open stream: No such file or directory D:\wamp\www\thinkphp\ThinkPHP\Library\Think\Template.class.php 第 696 行.
NOTIC: [2] file_get_contents(./Mouqu/Home/View/Common/footer.html): failed to open stream: No such file or directory D:\wamp\www\thinkphp\ThinkPHP\Library\Think\Template.class.php 第 696 行.
INFO: [ template_filter ] --START--
INFO: Run Behavior\ContentReplaceBehavior [ RunTime:0.000331s ]
INFO: [ template_filter ] --END-- [ RunTime:0.000698s ]
INFO: Run Behavior\ParseTemplateBehavior [ RunTime:0.138019s ]
INFO: [ view_parse ] --END-- [ RunTime:0.138325s ]
INFO: [ view_filter ] --START--
INFO: Run Behavior\WriteHtmlCacheBehavior [ RunTime:0.001119s ]
INFO: [ view_filter ] --END-- [ RunTime:0.001461s ]
INFO: [ app_end ] --START--
INFO: Run Behavior\ShowPageTraceBehavior [ RunTime:0.001675s ]
INFO: [ app_end ] --END-- [ RunTime:0.002002s ]

[ 2016-11-18T11:58:31+08:00 ] 127.0.0.1 /thinkphp/mouqu.php/Home/Index/index.html
INFO: [ app_init ] --START--
INFO: Run Behavior\BuildLiteBehavior [ RunTime:0.000041s ]
INFO: [ app_init ] --END-- [ RunTime:0.000548s ]
INFO: [ app_begin ] --START--
INFO: Run Behavior\ReadHtmlCacheBehavior [ RunTime:0.000763s ]
INFO: [ app_begin ] --END-- [ RunTime:0.000957s ]
INFO: [ view_parse ] --START--
INFO: [ template_filter ] --START--
INFO: Run Behavior\ContentReplaceBehavior [ RunTime:0.000153s ]
INFO: [ template_filter ] --END-- [ RunTime:0.000306s ]
INFO: Run Behavior\ParseTemplateBehavior [ RunTime:0.016796s ]
INFO: [ view_parse ] --END-- [ RunTime:0.016949s ]
INFO: [ view_filter ] --START--
INFO: Run Behavior\WriteHtmlCacheBehavior [ RunTime:0.000483s ]
INFO: [ view_filter ] --END-- [ RunTime:0.000608s ]
INFO: [ app_end ] --START--
INFO: Run Behavior\ShowPageTraceBehavior [ RunTime:0.001126s ]
INFO: [ app_end ] --END-- [ RunTime:0.001295s ]

[ 2016-11-18T12:06:19+08:00 ] 127.0.0.1 /thinkphp/mouqu.php/Home/Index/index.html
INFO: [ app_init ] --START--
INFO: Run Behavior\BuildLiteBehavior [ RunTime:0.000059s ]
INFO: [ app_init ] --END-- [ RunTime:0.000698s ]
INFO: [ app_begin ] --START--
INFO: Run Behavior\ReadHtmlCacheBehavior [ RunTime:0.001097s ]
INFO: [ app_begin ] --END-- [ RunTime:0.001341s ]
INFO: [ view_parse ] --START--
INFO: [ template_filter ] --START--
INFO: Run Behavior\ContentReplaceBehavior [ RunTime:0.000196s ]
INFO: [ template_filter ] --END-- [ RunTime:0.000353s ]
INFO: Run Behavior\ParseTemplateBehavior [ RunTime:0.016775s ]
INFO: [ view_parse ] --END-- [ RunTime:0.016934s ]
INFO: [ view_filter ] --START--
INFO: Run Behavior\WriteHtmlCacheBehavior [ RunTime:0.000742s ]
INFO: [ view_filter ] --END-- [ RunTime:0.000932s ]
INFO: [ app_end ] --START--
INFO: Run Behavior\ShowPageTraceBehavior [ RunTime:0.002122s ]
INFO: [ app_end ] --END-- [ RunTime:0.002470s ]

[ 2016-11-18T14:09:42+08:00 ] 127.0.0.1 /thinkphp/mouqu.php
INFO: [ app_init ] --START--
INFO: Run Behavior\BuildLiteBehavior [ RunTime:0.000040s ]
INFO: [ app_init ] --END-- [ RunTime:0.000511s ]
INFO: [ app_begin ] --START--
INFO: Run Behavior\ReadHtmlCacheBehavior [ RunTime:0.000826s ]
INFO: [ app_begin ] --END-- [ RunTime:0.001027s ]
INFO: [ view_parse ] --START--
INFO: [ template_filter ] --START--
INFO: Run Behavior\ContentReplaceBehavior [ RunTime:0.000166s ]
INFO: [ template_filter ] --END-- [ RunTime:0.000347s ]
INFO: Run Behavior\ParseTemplateBehavior [ RunTime:0.037900s ]
INFO: [ view_parse ] --END-- [ RunTime:0.038068s ]
INFO: [ view_filter ] --START--
INFO: Run Behavior\WriteHtmlCacheBehavior [ RunTime:0.000448s ]
INFO: [ view_filter ] --END-- [ RunTime:0.000592s ]
INFO: [ app_end ] --START--
INFO: Run Behavior\ShowPageTraceBehavior [ RunTime:0.001042s ]
INFO: [ app_end ] --END-- [ RunTime:0.001223s ]

[ 2016-11-18T14:09:45+08:00 ] 127.0.0.1 /thinkphp/mouqu.php/Home/Ppt/show.html
INFO: [ app_init ] --START--
INFO: Run Behavior\BuildLiteBehavior [ RunTime:0.000037s ]
INFO: [ app_init ] --END-- [ RunTime:0.000576s ]
INFO: [ app_begin ] --START--
INFO: Run Behavior\ReadHtmlCacheBehavior [ RunTime:0.000737s ]
INFO: [ app_begin ] --END-- [ RunTime:0.000906s ]
ERR: 无法加载控制器:Ppt

[ 2016-11-18T14:10:30+08:00 ] 127.0.0.1 /thinkphp/mouqu.php
INFO: [ app_init ] --START--
INFO: Run Behavior\BuildLiteBehavior [ RunTime:0.000040s ]
INFO: [ app_init ] --END-- [ RunTime:0.000661s ]
INFO: [ app_begin ] --START--
INFO: Run Behavior\ReadHtmlCacheBehavior [ RunTime:0.000825s ]
INFO: [ app_begin ] --END-- [ RunTime:0.001013s ]
INFO: [ view_parse ] --START--
INFO: [ template_filter ] --START--
INFO: Run Behavior\ContentReplaceBehavior [ RunTime:0.000166s ]
INFO: [ template_filter ] --END-- [ RunTime:0.000390s ]
INFO: Run Behavior\ParseTemplateBehavior [ RunTime:0.016778s ]
INFO: [ view_parse ] --END-- [ RunTime:0.016940s ]
INFO: [ view_filter ] --START--
INFO: Run Behavior\WriteHtmlCacheBehavior [ RunTime:0.000467s ]
INFO: [ view_filter ] --END-- [ RunTime:0.000593s ]
INFO: [ app_end ] --START--
INFO: Run Behavior\ShowPageTraceBehavior [ RunTime:0.001050s ]
INFO: [ app_end ] --END-- [ RunTime:0.001313s ]

[ 2016-11-18T14:10:31+08:00 ] 127.0.0.1 /thinkphp/mouqu.php/Home/Orders/orders.html
INFO: [ app_init ] --START--
INFO: Run Behavior\BuildLiteBehavior [ RunTime:0.000067s ]
INFO: [ app_init ] --END-- [ RunTime:0.001014s ]
INFO: [ app_begin ] --START--
INFO: Run Behavior\ReadHtmlCacheBehavior [ RunTime:0.000791s ]
INFO: [ app_begin ] --END-- [ RunTime:0.000989s ]
SQL: SHOW COLUMNS FROM `orders` [ RunTime:0.0123s ]
SQL: SELECT COUNT(*) AS tp_count FROM `orders` LIMIT 1   [ RunTime:0.0009s ]
SQL: SELECT * FROM `orders` LIMIT 0,2   [ RunTime:0.0009s ]
INFO: [ view_parse ] --START--
INFO: [ template_filter ] --START--
INFO: Run Behavior\ContentReplaceBehavior [ RunTime:0.000366s ]
INFO: [ template_filter ] --END-- [ RunTime:0.000853s ]
NOTIC: [8] Undefined variable: article_category D:\wamp\www\thinkphp\Mouqu\Runtime\Cache\Home\318d64727970ad46bf23190104213259.php 第 60 行.
NOTIC: [8] Undefined index: created_at D:\wamp\www\thinkphp\Mouqu\Runtime\Cache\Home\318d64727970ad46bf23190104213259.php 第 94 行.
NOTIC: [8] Undefined index: created_at D:\wamp\www\thinkphp\Mouqu\Runtime\Cache\Home\318d64727970ad46bf23190104213259.php 第 94 行.
NOTIC: [8] Undefined variable: news D:\wamp\www\thinkphp\Mouqu\Runtime\Cache\Home\318d64727970ad46bf23190104213259.php 第 105 行.
NOTIC: [8] Undefined variable: article_category2 D:\wamp\www\thinkphp\Mouqu\Runtime\Cache\Home\318d64727970ad46bf23190104213259.php 第 118 行.
INFO: Run Behavior\ParseTemplateBehavior [ RunTime:0.083100s ]
INFO: [ view_parse ] --END-- [ RunTime:0.083336s ]
INFO: [ view_filter ] --START--
INFO: Run Behavior\WriteHtmlCacheBehavior [ RunTime:0.000563s ]
INFO: [ view_filter ] --END-- [ RunTime:0.000689s ]
INFO: [ app_end ] --START--
INFO: Run Behavior\ShowPageTraceBehavior [ RunTime:0.001055s ]
INFO: [ app_end ] --END-- [ RunTime:0.001320s ]

[ 2016-11-18T14:11:09+08:00 ] 127.0.0.1 /thinkphp/mouqu.php/Home/Orders/orders.html
INFO: [ app_init ] --START--
INFO: Run Behavior\BuildLiteBehavior [ RunTime:0.000035s ]
INFO: [ app_init ] --END-- [ RunTime:0.000564s ]
INFO: [ app_begin ] --START--
INFO: Run Behavior\ReadHtmlCacheBehavior [ RunTime:0.000830s ]
INFO: [ app_begin ] --END-- [ RunTime:0.001020s ]
SQL: SHOW COLUMNS FROM `orders` [ RunTime:0.0296s ]
SQL: SELECT COUNT(*) AS tp_count FROM `orders` LIMIT 1   [ RunTime:0.0003s ]
SQL: SELECT * FROM `orders` LIMIT 0,2   [ RunTime:0.0003s ]
INFO: [ view_parse ] --START--
INFO: [ template_filter ] --START--
INFO: Run Behavior\ContentReplaceBehavior [ RunTime:0.000151s ]
INFO: [ template_filter ] --END-- [ RunTime:0.000327s ]
NOTIC: [8] Undefined variable: article_category D:\wamp\www\thinkphp\Mouqu\Runtime\Cache\Home\318d64727970ad46bf23190104213259.php 第 60 行.
NOTIC: [8] Undefined variable: news D:\wamp\www\thinkphp\Mouqu\Runtime\Cache\Home\318d64727970ad46bf23190104213259.php 第 105 行.
NOTIC: [8] Undefined variable: article_category2 D:\wamp\www\thinkphp\Mouqu\Runtime\Cache\Home\318d64727970ad46bf23190104213259.php 第 118 行.
INFO: Run Behavior\ParseTemplateBehavior [ RunTime:0.020957s ]
INFO: [ view_parse ] --END-- [ RunTime:0.021119s ]
INFO: [ view_filter ] --START--
INFO: Run Behavior\WriteHtmlCacheBehavior [ RunTime:0.000550s ]
INFO: [ view_filter ] --END-- [ RunTime:0.000685s ]
INFO: [ app_end ] --START--
INFO: Run Behavior\ShowPageTraceBehavior [ RunTime:0.001056s ]
INFO: [ app_end ] --END-- [ RunTime:0.001333s ]

[ 2016-11-18T14:11:28+08:00 ] 127.0.0.1 /thinkphp/mouqu.php/Home/Orders/orders.html
INFO: [ app_init ] --START--
INFO: Run Behavior\BuildLiteBehavior [ RunTime:0.000063s ]
INFO: [ app_init ] --END-- [ RunTime:0.000780s ]
INFO: [ app_begin ] --START--
INFO: Run Behavior\ReadHtmlCacheBehavior [ RunTime:0.000697s ]
INFO: [ app_begin ] --END-- [ RunTime:0.000872s ]
SQL: SHOW COLUMNS FROM `orders` [ RunTime:0.0076s ]
SQL: SELECT COUNT(*) AS tp_count FROM `orders` LIMIT 1   [ RunTime:0.0003s ]
SQL: SELECT * FROM `orders` LIMIT 0,2   [ RunTime:0.0003s ]
INFO: [ view_parse ] --START--
INFO: [ template_filter ] --START--
INFO: Run Behavior\ContentReplaceBehavior [ RunTime:0.000141s ]
INFO: [ template_filter ] --END-- [ RunTime:0.000298s ]
NOTIC: [8] Undefined variable: article_category D:\wamp\www\thinkphp\Mouqu\Runtime\Cache\Home\318d64727970ad46bf23190104213259.php 第 60 行.
NOTIC: [8] Undefined variable: news D:\wamp\www\thinkphp\Mouqu\Runtime\Cache\Home\318d64727970ad46bf23190104213259.php 第 105 行.
NOTIC: [8] Undefined variable: article_category2 D:\wamp\www\thinkphp\Mouqu\Runtime\Cache\Home\318d64727970ad46bf23190104213259.php 第 118 行.
INFO: Run Behavior\ParseTemplateBehavior [ RunTime:0.021105s ]
INFO: [ view_parse ] --END-- [ RunTime:0.021251s ]
INFO: [ view_filter ] --START--
INFO: Run Behavior\WriteHtmlCacheBehavior [ RunTime:0.000618s ]
INFO: [ view_filter ] --END-- [ RunTime:0.000757s ]
INFO: [ app_end ] --START--
INFO: Run Behavior\ShowPageTraceBehavior [ RunTime:0.000963s ]
INFO: [ app_end ] --END-- [ RunTime:0.001283s ]

[ 2016-11-18T14:12:16+08:00 ] 127.0.0.1 /thinkphp/mouqu.php/Home/Orders/orders.html
INFO: [ app_init ] --START--
INFO: Run Behavior\BuildLiteBehavior [ RunTime:0.000046s ]
INFO: [ app_init ] --END-- [ RunTime:0.001253s ]
INFO: [ app_begin ] --START--
INFO: Run Behavior\ReadHtmlCacheBehavior [ RunTime:0.000786s ]
INFO: [ app_begin ] --END-- [ RunTime:0.001003s ]
SQL: SHOW COLUMNS FROM `orders` [ RunTime:0.0176s ]
SQL: SELECT COUNT(*) AS tp_count FROM `orders` LIMIT 1   [ RunTime:0.0003s ]
SQL: SELECT * FROM `orders` LIMIT 0,2   [ RunTime:0.0003s ]
INFO: [ view_parse ] --START--
INFO: [ template_filter ] --START--
INFO: Run Behavior\ContentReplaceBehavior [ RunTime:0.000140s ]
INFO: [ template_filter ] --END-- [ RunTime:0.000293s ]
NOTIC: [8] Undefined variable: article_category D:\wamp\www\thinkphp\Mouqu\Runtime\Cache\Home\318d64727970ad46bf23190104213259.php 第 60 行.
NOTIC: [8] Undefined variable: news D:\wamp\www\thinkphp\Mouqu\Runtime\Cache\Home\318d64727970ad46bf23190104213259.php 第 105 行.
NOTIC: [8] Undefined variable: article_category2 D:\wamp\www\thinkphp\Mouqu\Runtime\Cache\Home\318d64727970ad46bf23190104213259.php 第 118 行.
INFO: Run Behavior\ParseTemplateBehavior [ RunTime:0.020505s ]
INFO: [ view_parse ] --END-- [ RunTime:0.020660s ]
INFO: [ view_filter ] --START--
INFO: Run Behavior\WriteHtmlCacheBehavior [ RunTime:0.000522s ]
INFO: [ view_filter ] --END-- [ RunTime:0.000666s ]
INFO: [ app_end ] --START--
INFO: Run Behavior\ShowPageTraceBehavior [ RunTime:0.001096s ]
INFO: [ app_end ] --END-- [ RunTime:0.001350s ]

[ 2016-11-18T14:12:41+08:00 ] 127.0.0.1 /thinkphp/mouqu.php/Home/Orders/orders.html
INFO: [ app_init ] --START--
INFO: Run Behavior\BuildLiteBehavior [ RunTime:0.000062s ]
INFO: [ app_init ] --END-- [ RunTime:0.000572s ]
INFO: [ app_begin ] --START--
INFO: Run Behavior\ReadHtmlCacheBehavior [ RunTime:0.000645s ]
INFO: [ app_begin ] --END-- [ RunTime:0.000786s ]
SQL: SHOW COLUMNS FROM `orders` [ RunTime:0.0292s ]
SQL: SELECT COUNT(*) AS tp_count FROM `orders` LIMIT 1   [ RunTime:0.0003s ]
SQL: SELECT * FROM `orders` LIMIT 0,2   [ RunTime:0.0003s ]
INFO: [ view_parse ] --START--
INFO: [ template_filter ] --START--
INFO: Run Behavior\ContentReplaceBehavior [ RunTime:0.000172s ]
INFO: [ template_filter ] --END-- [ RunTime:0.000339s ]
NOTIC: [8] Undefined variable: article_category D:\wamp\www\thinkphp\Mouqu\Runtime\Cache\Home\318d64727970ad46bf23190104213259.php 第 60 行.
NOTIC: [8] Undefined variable: news D:\wamp\www\thinkphp\Mouqu\Runtime\Cache\Home\318d64727970ad46bf23190104213259.php 第 105 行.
NOTIC: [8] Undefined variable: article_category2 D:\wamp\www\thinkphp\Mouqu\Runtime\Cache\Home\318d64727970ad46bf23190104213259.php 第 118 行.
INFO: Run Behavior\ParseTemplateBehavior [ RunTime:0.022009s ]
INFO: [ view_parse ] --END-- [ RunTime:0.022151s ]
INFO: [ view_filter ] --START--
INFO: Run Behavior\WriteHtmlCacheBehavior [ RunTime:0.000495s ]
INFO: [ view_filter ] --END-- [ RunTime:0.000660s ]
INFO: [ app_end ] --START--
INFO: Run Behavior\ShowPageTraceBehavior [ RunTime:0.000936s ]
INFO: [ app_end ] --END-- [ RunTime:0.001151s ]

[ 2016-11-18T14:30:26+08:00 ] 127.0.0.1 /thinkphp/mouqu.php/Home/Orders/orders.html
INFO: [ app_init ] --START--
INFO: Run Behavior\BuildLiteBehavior [ RunTime:0.000080s ]
INFO: [ app_init ] --END-- [ RunTime:0.001248s ]
INFO: [ app_begin ] --START--
INFO: Run Behavior\ReadHtmlCacheBehavior [ RunTime:0.000860s ]
INFO: [ app_begin ] --END-- [ RunTime:0.001060s ]
SQL: SHOW COLUMNS FROM `orders` [ RunTime:0.0139s ]
SQL: SELECT COUNT(*) AS tp_count FROM `orders` LIMIT 1   [ RunTime:0.0003s ]
ERR: 1054:Unknown column 'user.username' in 'field list'
 [ SQL语句 ] : SELECT orders.*,user.username FROM `orders` WHERE ( orders.ad_id=user.id ) LIMIT 0,2  
ERR: 1054:Unknown column 'user.username' in 'field list'
 [ SQL语句 ] : SELECT orders.*,user.username FROM `orders` WHERE ( orders.ad_id=user.id ) LIMIT 0,2  

[ 2016-11-18T14:32:15+08:00 ] 127.0.0.1 /thinkphp/mouqu.php/Home/Orders/orders.html
INFO: [ app_init ] --START--
INFO: Run Behavior\BuildLiteBehavior [ RunTime:0.000037s ]
INFO: [ app_init ] --END-- [ RunTime:0.000593s ]
INFO: [ app_begin ] --START--
INFO: Run Behavior\ReadHtmlCacheBehavior [ RunTime:0.001126s ]
INFO: [ app_begin ] --END-- [ RunTime:0.001388s ]
ERR: 1146:Table 'mouqu.userorders' doesn't exist
 [ SQL语句 ] : SHOW COLUMNS FROM `userorders`
ERR: 1146:Table 'mouqu.userorders' doesn't exist
 [ SQL语句 ] : SHOW COLUMNS FROM `userorders`

[ 2016-11-18T14:32:33+08:00 ] 127.0.0.1 /thinkphp/mouqu.php/Home/Orders/orders.html
INFO: [ app_init ] --START--
INFO: Run Behavior\BuildLiteBehavior [ RunTime:0.000035s ]
INFO: [ app_init ] --END-- [ RunTime:0.000581s ]
INFO: [ app_begin ] --START--
INFO: Run Behavior\ReadHtmlCacheBehavior [ RunTime:0.000773s ]
INFO: [ app_begin ] --END-- [ RunTime:0.000944s ]
SQL: SHOW COLUMNS FROM `orders` [ RunTime:0.0336s ]
SQL: SELECT COUNT(*) AS tp_count FROM `orders` LIMIT 1   [ RunTime:0.0003s ]
ERR: 1054:Unknown column 'user.username' in 'field list'
 [ SQL语句 ] : SELECT orders.*,user.username FROM `orders` WHERE ( orders.ad_id=user.id ) LIMIT 0,2  
ERR: 1054:Unknown column 'user.username' in 'field list'
 [ SQL语句 ] : SELECT orders.*,user.username FROM `orders` WHERE ( orders.ad_id=user.id ) LIMIT 0,2  

[ 2016-11-18T14:36:36+08:00 ] 127.0.0.1 /thinkphp/mouqu.php/Home/Orders/orders.html
INFO: [ app_init ] --START--
INFO: Run Behavior\BuildLiteBehavior [ RunTime:0.000038s ]
INFO: [ app_init ] --END-- [ RunTime:0.000654s ]
INFO: [ app_begin ] --START--
INFO: Run Behavior\ReadHtmlCacheBehavior [ RunTime:0.000800s ]
INFO: [ app_begin ] --END-- [ RunTime:0.000977s ]
SQL: SHOW COLUMNS FROM `orders` [ RunTime:0.0503s ]
SQL: SELECT COUNT(*) AS tp_count FROM `orders` LIMIT 1   [ RunTime:0.0006s ]
SQL: SELECT orders.*,user.username FROM `orders` LEFT JOIN user ON user.id=orders.ad_id   WHERE ( orders.ad_id=user.id ) LIMIT 0,2   [ RunTime:0.0008s ]
INFO: [ view_parse ] --START--
INFO: [ template_filter ] --START--
INFO: Run Behavior\ContentReplaceBehavior [ RunTime:0.000201s ]
INFO: [ template_filter ] --END-- [ RunTime:0.000405s ]
NOTIC: [8] Undefined variable: article_category D:\wamp\www\thinkphp\Mouqu\Runtime\Cache\Home\318d64727970ad46bf23190104213259.php 第 60 行.
NOTIC: [8] Undefined variable: news D:\wamp\www\thinkphp\Mouqu\Runtime\Cache\Home\318d64727970ad46bf23190104213259.php 第 105 行.
NOTIC: [8] Undefined variable: article_category2 D:\wamp\www\thinkphp\Mouqu\Runtime\Cache\Home\318d64727970ad46bf23190104213259.php 第 118 行.
INFO: Run Behavior\ParseTemplateBehavior [ RunTime:0.043051s ]
INFO: [ view_parse ] --END-- [ RunTime:0.043332s ]
INFO: [ view_filter ] --START--
INFO: Run Behavior\WriteHtmlCacheBehavior [ RunTime:0.000665s ]
INFO: [ view_filter ] --END-- [ RunTime:0.000872s ]
INFO: [ app_end ] --START--
INFO: Run Behavior\ShowPageTraceBehavior [ RunTime:0.000864s ]
INFO: [ app_end ] --END-- [ RunTime:0.001033s ]

[ 2016-11-18T14:36:39+08:00 ] 127.0.0.1 /thinkphp/mouqu.php/Home/Orders/orders.html
INFO: [ app_init ] --START--
INFO: Run Behavior\BuildLiteBehavior [ RunTime:0.000037s ]
INFO: [ app_init ] --END-- [ RunTime:0.000541s ]
INFO: [ app_begin ] --START--
INFO: Run Behavior\ReadHtmlCacheBehavior [ RunTime:0.000769s ]
INFO: [ app_begin ] --END-- [ RunTime:0.000936s ]
SQL: SHOW COLUMNS FROM `orders` [ RunTime:0.0047s ]
SQL: SELECT COUNT(*) AS tp_count FROM `orders` LIMIT 1   [ RunTime:0.0003s ]
SQL: SELECT orders.*,user.username FROM `orders` LEFT JOIN user ON user.id=orders.ad_id   WHERE ( orders.ad_id=user.id ) LIMIT 0,2   [ RunTime:0.0004s ]
INFO: [ view_parse ] --START--
INFO: [ template_filter ] --START--
INFO: Run Behavior\ContentReplaceBehavior [ RunTime:0.000170s ]
INFO: [ template_filter ] --END-- [ RunTime:0.000349s ]
NOTIC: [8] Undefined variable: article_category D:\wamp\www\thinkphp\Mouqu\Runtime\Cache\Home\318d64727970ad46bf23190104213259.php 第 60 行.
NOTIC: [8] Undefined variable: news D:\wamp\www\thinkphp\Mouqu\Runtime\Cache\Home\318d64727970ad46bf23190104213259.php 第 105 行.
NOTIC: [8] Undefined variable: article_category2 D:\wamp\www\thinkphp\Mouqu\Runtime\Cache\Home\318d64727970ad46bf23190104213259.php 第 118 行.
INFO: Run Behavior\ParseTemplateBehavior [ RunTime:0.025172s ]
INFO: [ view_parse ] --END-- [ RunTime:0.025365s ]
INFO: [ view_filter ] --START--
INFO: Run Behavior\WriteHtmlCacheBehavior [ RunTime:0.000585s ]
INFO: [ view_filter ] --END-- [ RunTime:0.000740s ]
INFO: [ app_end ] --START--
INFO: Run Behavior\ShowPageTraceBehavior [ RunTime:0.000746s ]
INFO: [ app_end ] --END-- [ RunTime:0.000901s ]

[ 2016-11-18T14:37:14+08:00 ] 127.0.0.1 /thinkphp/mouqu.php/Home/Orders/orders.html
INFO: [ app_init ] --START--
INFO: Run Behavior\BuildLiteBehavior [ RunTime:0.000135s ]
INFO: [ app_init ] --END-- [ RunTime:0.002082s ]
INFO: [ app_begin ] --START--
INFO: Run Behavior\ReadHtmlCacheBehavior [ RunTime:0.001713s ]
INFO: [ app_begin ] --END-- [ RunTime:0.002012s ]
SQL: SHOW COLUMNS FROM `orders` [ RunTime:0.0268s ]
SQL: SELECT COUNT(*) AS tp_count FROM `orders` LIMIT 1   [ RunTime:0.0004s ]
SQL: SELECT orders.*,user.username FROM `orders` right JOIN user ON user.id=orders.ad_id   WHERE ( orders.ad_id=user.id ) LIMIT 0,2   [ RunTime:0.0005s ]
INFO: [ view_parse ] --START--
INFO: [ template_filter ] --START--
INFO: Run Behavior\ContentReplaceBehavior [ RunTime:0.000138s ]
INFO: [ template_filter ] --END-- [ RunTime:0.000277s ]
NOTIC: [8] Undefined variable: article_category D:\wamp\www\thinkphp\Mouqu\Runtime\Cache\Home\318d64727970ad46bf23190104213259.php 第 60 行.
NOTIC: [8] Undefined variable: news D:\wamp\www\thinkphp\Mouqu\Runtime\Cache\Home\318d64727970ad46bf23190104213259.php 第 105 行.
NOTIC: [8] Undefined variable: article_category2 D:\wamp\www\thinkphp\Mouqu\Runtime\Cache\Home\318d64727970ad46bf23190104213259.php 第 118 行.
INFO: Run Behavior\ParseTemplateBehavior [ RunTime:0.025414s ]
INFO: [ view_parse ] --END-- [ RunTime:0.025617s ]
INFO: [ view_filter ] --START--
INFO: Run Behavior\WriteHtmlCacheBehavior [ RunTime:0.000893s ]
INFO: [ view_filter ] --END-- [ RunTime:0.001094s ]
INFO: [ app_end ] --START--
INFO: Run Behavior\ShowPageTraceBehavior [ RunTime:0.000966s ]
INFO: [ app_end ] --END-- [ RunTime:0.001104s ]

[ 2016-11-18T14:37:16+08:00 ] 127.0.0.1 /thinkphp/mouqu.php/Home/Orders/orders.html
INFO: [ app_init ] --START--
INFO: Run Behavior\BuildLiteBehavior [ RunTime:0.000037s ]
INFO: [ app_init ] --END-- [ RunTime:0.000666s ]
INFO: [ app_begin ] --START--
INFO: Run Behavior\ReadHtmlCacheBehavior [ RunTime:0.001039s ]
INFO: [ app_begin ] --END-- [ RunTime:0.001206s ]
SQL: SHOW COLUMNS FROM `orders` [ RunTime:0.0174s ]
SQL: SELECT COUNT(*) AS tp_count FROM `orders` LIMIT 1   [ RunTime:0.0003s ]
SQL: SELECT orders.*,user.username FROM `orders` right JOIN user ON user.id=orders.ad_id   WHERE ( orders.ad_id=user.id ) LIMIT 0,2   [ RunTime:0.0004s ]
INFO: [ view_parse ] --START--
INFO: [ template_filter ] --START--
INFO: Run Behavior\ContentReplaceBehavior [ RunTime:0.000243s ]
INFO: [ template_filter ] --END-- [ RunTime:0.000510s ]
NOTIC: [8] Undefined variable: article_category D:\wamp\www\thinkphp\Mouqu\Runtime\Cache\Home\318d64727970ad46bf23190104213259.php 第 60 行.
NOTIC: [8] Undefined variable: news D:\wamp\www\thinkphp\Mouqu\Runtime\Cache\Home\318d64727970ad46bf23190104213259.php 第 105 行.
NOTIC: [8] Undefined variable: article_category2 D:\wamp\www\thinkphp\Mouqu\Runtime\Cache\Home\318d64727970ad46bf23190104213259.php 第 118 行.
INFO: Run Behavior\ParseTemplateBehavior [ RunTime:0.026606s ]
INFO: [ view_parse ] --END-- [ RunTime:0.026781s ]
INFO: [ view_filter ] --START--
INFO: Run Behavior\WriteHtmlCacheBehavior [ RunTime:0.000940s ]
INFO: [ view_filter ] --END-- [ RunTime:0.001106s ]
INFO: [ app_end ] --START--
INFO: Run Behavior\ShowPageTraceBehavior [ RunTime:0.000868s ]
INFO: [ app_end ] --END-- [ RunTime:0.001010s ]

[ 2016-11-18T14:37:59+08:00 ] 127.0.0.1 /thinkphp/mouqu.php/Home/Orders/orders.html
INFO: [ app_init ] --START--
INFO: Run Behavior\BuildLiteBehavior [ RunTime:0.000036s ]
INFO: [ app_init ] --END-- [ RunTime:0.000558s ]
INFO: [ app_begin ] --START--
INFO: Run Behavior\ReadHtmlCacheBehavior [ RunTime:0.000913s ]
INFO: [ app_begin ] --END-- [ RunTime:0.001107s ]
SQL: SHOW COLUMNS FROM `orders` [ RunTime:0.0345s ]
SQL: SELECT COUNT(*) AS tp_count FROM `orders` LIMIT 1   [ RunTime:0.0004s ]
SQL: SELECT orders.*,user.username FROM `orders` right JOIN user ON user.id=orders.ad_id   WHERE ( orders.ad_id=user.id ) LIMIT 0,2   [ RunTime:0.0005s ]
INFO: [ view_parse ] --START--
INFO: [ template_filter ] --START--
INFO: Run Behavior\ContentReplaceBehavior [ RunTime:0.000485s ]
INFO: [ template_filter ] --END-- [ RunTime:0.001014s ]
NOTIC: [8] Undefined variable: article_category D:\wamp\www\thinkphp\Mouqu\Runtime\Cache\Home\318d64727970ad46bf23190104213259.php 第 60 行.
NOTIC: [8] Undefined variable: news D:\wamp\www\thinkphp\Mouqu\Runtime\Cache\Home\318d64727970ad46bf23190104213259.php 第 105 行.
NOTIC: [8] Undefined variable: article_category2 D:\wamp\www\thinkphp\Mouqu\Runtime\Cache\Home\318d64727970ad46bf23190104213259.php 第 118 行.
INFO: Run Behavior\ParseTemplateBehavior [ RunTime:0.166792s ]
INFO: [ view_parse ] --END-- [ RunTime:0.167150s ]
INFO: [ view_filter ] --START--
INFO: Run Behavior\WriteHtmlCacheBehavior [ RunTime:0.001528s ]
INFO: [ view_filter ] --END-- [ RunTime:0.001999s ]
INFO: [ app_end ] --START--
INFO: Run Behavior\ShowPageTraceBehavior [ RunTime:0.001815s ]
INFO: [ app_end ] --END-- [ RunTime:0.002165s ]

[ 2016-11-18T14:38:34+08:00 ] 127.0.0.1 /thinkphp/mouqu.php/Home/Orders/orders.html
INFO: [ app_init ] --START--
INFO: Run Behavior\BuildLiteBehavior [ RunTime:0.000035s ]
INFO: [ app_init ] --END-- [ RunTime:0.000527s ]
INFO: [ app_begin ] --START--
INFO: Run Behavior\ReadHtmlCacheBehavior [ RunTime:0.000788s ]
INFO: [ app_begin ] --END-- [ RunTime:0.000951s ]
SQL: SHOW COLUMNS FROM `orders` [ RunTime:0.0288s ]
SQL: SELECT COUNT(*) AS tp_count FROM `orders` LIMIT 1   [ RunTime:0.0003s ]
SQL: SELECT orders.*,user.username FROM `orders` right JOIN user ON user.id=orders.ad_id   WHERE ( orders.ad_id=user.id ) LIMIT 0,2   [ RunTime:0.0003s ]
INFO: [ view_parse ] --START--
INFO: [ template_filter ] --START--
INFO: Run Behavior\ContentReplaceBehavior [ RunTime:0.000172s ]
INFO: [ template_filter ] --END-- [ RunTime:0.000344s ]
NOTIC: [8] Undefined variable: article_category D:\wamp\www\thinkphp\Mouqu\Runtime\Cache\Home\318d64727970ad46bf23190104213259.php 第 60 行.
NOTIC: [8] Undefined variable: news D:\wamp\www\thinkphp\Mouqu\Runtime\Cache\Home\318d64727970ad46bf23190104213259.php 第 105 行.
NOTIC: [8] Undefined variable: article_category2 D:\wamp\www\thinkphp\Mouqu\Runtime\Cache\Home\318d64727970ad46bf23190104213259.php 第 118 行.
INFO: Run Behavior\ParseTemplateBehavior [ RunTime:0.033406s ]
INFO: [ view_parse ] --END-- [ RunTime:0.033580s ]
INFO: [ view_filter ] --START--
INFO: Run Behavior\WriteHtmlCacheBehavior [ RunTime:0.000475s ]
INFO: [ view_filter ] --END-- [ RunTime:0.000610s ]
INFO: [ app_end ] --START--
INFO: Run Behavior\ShowPageTraceBehavior [ RunTime:0.000616s ]
INFO: [ app_end ] --END-- [ RunTime:0.000764s ]

[ 2016-11-18T14:39:21+08:00 ] 127.0.0.1 /thinkphp/mouqu.php/Home/Orders/orders.html
INFO: [ app_init ] --START--
INFO: Run Behavior\BuildLiteBehavior [ RunTime:0.000068s ]
INFO: [ app_init ] --END-- [ RunTime:0.000975s ]
INFO: [ app_begin ] --START--
INFO: Run Behavior\ReadHtmlCacheBehavior [ RunTime:0.000858s ]
INFO: [ app_begin ] --END-- [ RunTime:0.001057s ]
SQL: SHOW COLUMNS FROM `orders` [ RunTime:0.0204s ]
SQL: SELECT COUNT(*) AS tp_count FROM `orders` LIMIT 1   [ RunTime:0.0004s ]
SQL: SELECT orders.*,user.username FROM `orders` right JOIN user ON user.id=orders.ad_id   WHERE ( orders.ad_id=user.id ) LIMIT 0,2   [ RunTime:0.0004s ]
INFO: [ view_parse ] --START--
INFO: [ template_filter ] --START--
INFO: Run Behavior\ContentReplaceBehavior [ RunTime:0.000174s ]
INFO: [ template_filter ] --END-- [ RunTime:0.000350s ]
NOTIC: [8] Undefined variable: article_category D:\wamp\www\thinkphp\Mouqu\Runtime\Cache\Home\318d64727970ad46bf23190104213259.php 第 60 行.
NOTIC: [8] Undefined variable: news D:\wamp\www\thinkphp\Mouqu\Runtime\Cache\Home\318d64727970ad46bf23190104213259.php 第 105 行.
NOTIC: [8] Undefined variable: article_category2 D:\wamp\www\thinkphp\Mouqu\Runtime\Cache\Home\318d64727970ad46bf23190104213259.php 第 118 行.
INFO: Run Behavior\ParseTemplateBehavior [ RunTime:0.020829s ]
INFO: [ view_parse ] --END-- [ RunTime:0.020974s ]
INFO: [ view_filter ] --START--
INFO: Run Behavior\WriteHtmlCacheBehavior [ RunTime:0.000493s ]
INFO: [ view_filter ] --END-- [ RunTime:0.000617s ]
INFO: [ app_end ] --START--
INFO: Run Behavior\ShowPageTraceBehavior [ RunTime:0.000645s ]
INFO: [ app_end ] --END-- [ RunTime:0.000793s ]

[ 2016-11-18T14:39:51+08:00 ] 127.0.0.1 /thinkphp/mouqu.php/Home/Orders/orders.html
INFO: [ app_init ] --START--
INFO: Run Behavior\BuildLiteBehavior [ RunTime:0.000036s ]
INFO: [ app_init ] --END-- [ RunTime:0.000560s ]
INFO: [ app_begin ] --START--
INFO: Run Behavior\ReadHtmlCacheBehavior [ RunTime:0.001371s ]
INFO: [ app_begin ] --END-- [ RunTime:0.001615s ]
SQL: SHOW COLUMNS FROM `orders` [ RunTime:0.0147s ]
SQL: SELECT COUNT(*) AS tp_count FROM `orders` LIMIT 1   [ RunTime:0.0003s ]
SQL: SELECT orders.*,user.username FROM `orders` right JOIN user ON user.id=orders.ad_id   WHERE ( orders.ad_id=user.id ) LIMIT 0,2   [ RunTime:0.0004s ]
INFO: [ view_parse ] --START--
INFO: [ template_filter ] --START--
INFO: Run Behavior\ContentReplaceBehavior [ RunTime:0.000141s ]
INFO: [ template_filter ] --END-- [ RunTime:0.000287s ]
NOTIC: [8] Undefined variable: article_category D:\wamp\www\thinkphp\Mouqu\Runtime\Cache\Home\318d64727970ad46bf23190104213259.php 第 60 行.
NOTIC: [8] Undefined variable: news D:\wamp\www\thinkphp\Mouqu\Runtime\Cache\Home\318d64727970ad46bf23190104213259.php 第 105 行.
NOTIC: [8] Undefined variable: article_category2 D:\wamp\www\thinkphp\Mouqu\Runtime\Cache\Home\318d64727970ad46bf23190104213259.php 第 118 行.
INFO: Run Behavior\ParseTemplateBehavior [ RunTime:0.021602s ]
INFO: [ view_parse ] --END-- [ RunTime:0.021755s ]
INFO: [ view_filter ] --START--
INFO: Run Behavior\WriteHtmlCacheBehavior [ RunTime:0.000809s ]
INFO: [ view_filter ] --END-- [ RunTime:0.001009s ]
INFO: [ app_end ] --START--
INFO: Run Behavior\ShowPageTraceBehavior [ RunTime:0.000683s ]
INFO: [ app_end ] --END-- [ RunTime:0.000880s ]

[ 2016-11-18T14:43:04+08:00 ] 127.0.0.1 /thinkphp/mouqu.php/Home/Orders/orders.html
INFO: [ app_init ] --START--
INFO: Run Behavior\BuildLiteBehavior [ RunTime:0.000034s ]
INFO: [ app_init ] --END-- [ RunTime:0.000673s ]
INFO: [ app_begin ] --START--
INFO: Run Behavior\ReadHtmlCacheBehavior [ RunTime:0.000901s ]
INFO: [ app_begin ] --END-- [ RunTime:0.001063s ]
SQL: SHOW COLUMNS FROM `orders` [ RunTime:0.0040s ]
SQL: SELECT COUNT(*) AS tp_count FROM `orders` LIMIT 1   [ RunTime:0.0003s ]
SQL: SELECT orders.*,user.username FROM `orders` right JOIN user ON user.id=orders.ad_id   WHERE ( orders.ad_id=user.id ) LIMIT 0,2   [ RunTime:0.0004s ]
INFO: [ view_parse ] --START--
INFO: [ template_filter ] --START--
INFO: Run Behavior\ContentReplaceBehavior [ RunTime:0.000159s ]
INFO: [ template_filter ] --END-- [ RunTime:0.000360s ]
NOTIC: [8] Undefined variable: article_category D:\wamp\www\thinkphp\Mouqu\Runtime\Cache\Home\318d64727970ad46bf23190104213259.php 第 60 行.
NOTIC: [8] Undefined variable: news D:\wamp\www\thinkphp\Mouqu\Runtime\Cache\Home\318d64727970ad46bf23190104213259.php 第 105 行.
NOTIC: [8] Undefined variable: article_category2 D:\wamp\www\thinkphp\Mouqu\Runtime\Cache\Home\318d64727970ad46bf23190104213259.php 第 118 行.
INFO: Run Behavior\ParseTemplateBehavior [ RunTime:0.022019s ]
INFO: [ view_parse ] --END-- [ RunTime:0.022167s ]
INFO: [ view_filter ] --START--
INFO: Run Behavior\WriteHtmlCacheBehavior [ RunTime:0.000732s ]
INFO: [ view_filter ] --END-- [ RunTime:0.000864s ]
INFO: [ app_end ] --START--
INFO: Run Behavior\ShowPageTraceBehavior [ RunTime:0.001550s ]
INFO: [ app_end ] --END-- [ RunTime:0.001715s ]

[ 2016-11-18T15:22:56+08:00 ] 127.0.0.1 /thinkphp/mouqu.php/Home/Orders/orders.html
INFO: [ app_init ] --START--
INFO: Run Behavior\BuildLiteBehavior [ RunTime:0.000038s ]
INFO: [ app_init ] --END-- [ RunTime:0.010658s ]
INFO: [ app_begin ] --START--
INFO: Run Behavior\ReadHtmlCacheBehavior [ RunTime:0.013510s ]
INFO: [ app_begin ] --END-- [ RunTime:0.013706s ]
SQL: SHOW COLUMNS FROM `orders` [ RunTime:0.0077s ]
SQL: SELECT COUNT(*) AS tp_count FROM `orders` LIMIT 1   [ RunTime:0.0005s ]
SQL: SELECT orders.*,user.username FROM `orders` right JOIN user ON user.id=orders.ad_id   WHERE ( orders.ad_id=user.id ) LIMIT 0,2   [ RunTime:0.0007s ]
INFO: [ view_parse ] --START--
INFO: [ template_filter ] --START--
INFO: Run Behavior\ContentReplaceBehavior [ RunTime:0.000201s ]
INFO: [ template_filter ] --END-- [ RunTime:0.000462s ]
NOTIC: [8] Undefined variable: article_category D:\wamp\www\thinkphp\Mouqu\Runtime\Cache\Home\318d64727970ad46bf23190104213259.php 第 60 行.
NOTIC: [8] Undefined variable: news D:\wamp\www\thinkphp\Mouqu\Runtime\Cache\Home\318d64727970ad46bf23190104213259.php 第 111 行.
NOTIC: [8] Undefined variable: article_category2 D:\wamp\www\thinkphp\Mouqu\Runtime\Cache\Home\318d64727970ad46bf23190104213259.php 第 124 行.
INFO: Run Behavior\ParseTemplateBehavior [ RunTime:0.108720s ]
INFO: [ view_parse ] --END-- [ RunTime:0.108898s ]
INFO: [ view_filter ] --START--
INFO: Run Behavior\WriteHtmlCacheBehavior [ RunTime:0.024641s ]
INFO: [ view_filter ] --END-- [ RunTime:0.024845s ]
INFO: [ app_end ] --START--
INFO: Run Behavior\ShowPageTraceBehavior [ RunTime:0.001582s ]
INFO: [ app_end ] --END-- [ RunTime:0.001843s ]

[ 2016-11-18T15:23:05+08:00 ] 127.0.0.1 /thinkphp/mouqu.php/Home/Orders/orders.html
INFO: [ app_init ] --START--
INFO: Run Behavior\BuildLiteBehavior [ RunTime:0.000038s ]
INFO: [ app_init ] --END-- [ RunTime:0.000794s ]
INFO: [ app_begin ] --START--
INFO: Run Behavior\ReadHtmlCacheBehavior [ RunTime:0.000766s ]
INFO: [ app_begin ] --END-- [ RunTime:0.000935s ]
SQL: SHOW COLUMNS FROM `orders` [ RunTime:0.0044s ]
SQL: SELECT COUNT(*) AS tp_count FROM `orders` LIMIT 1   [ RunTime:0.0005s ]
SQL: SELECT orders.*,user.username FROM `orders` right JOIN user ON user.id=orders.ad_id   WHERE ( orders.ad_id=user.id ) LIMIT 0,2   [ RunTime:0.0006s ]
INFO: [ view_parse ] --START--
INFO: [ template_filter ] --START--
INFO: Run Behavior\ContentReplaceBehavior [ RunTime:0.000145s ]
INFO: [ template_filter ] --END-- [ RunTime:0.000296s ]
NOTIC: [8] Undefined variable: article_category D:\wamp\www\thinkphp\Mouqu\Runtime\Cache\Home\318d64727970ad46bf23190104213259.php 第 60 行.
NOTIC: [8] Undefined variable: news D:\wamp\www\thinkphp\Mouqu\Runtime\Cache\Home\318d64727970ad46bf23190104213259.php 第 111 行.
NOTIC: [8] Undefined variable: article_category2 D:\wamp\www\thinkphp\Mouqu\Runtime\Cache\Home\318d64727970ad46bf23190104213259.php 第 124 行.
INFO: Run Behavior\ParseTemplateBehavior [ RunTime:0.042945s ]
INFO: [ view_parse ] --END-- [ RunTime:0.043128s ]
INFO: [ view_filter ] --START--
INFO: Run Behavior\WriteHtmlCacheBehavior [ RunTime:0.000585s ]
INFO: [ view_filter ] --END-- [ RunTime:0.000719s ]
INFO: [ app_end ] --START--
INFO: Run Behavior\ShowPageTraceBehavior [ RunTime:0.001036s ]
INFO: [ app_end ] --END-- [ RunTime:0.001348s ]

[ 2016-11-18T15:23:07+08:00 ] 127.0.0.1 /thinkphp/mouqu.php/Home/Orders/orders.html
INFO: [ app_init ] --START--
INFO: Run Behavior\BuildLiteBehavior [ RunTime:0.000046s ]
INFO: [ app_init ] --END-- [ RunTime:0.000785s ]
INFO: [ app_begin ] --START--
INFO: Run Behavior\ReadHtmlCacheBehavior [ RunTime:0.000691s ]
INFO: [ app_begin ] --END-- [ RunTime:0.000840s ]
SQL: SHOW COLUMNS FROM `orders` [ RunTime:0.0039s ]
SQL: SELECT COUNT(*) AS tp_count FROM `orders` LIMIT 1   [ RunTime:0.0004s ]
SQL: SELECT orders.*,user.username FROM `orders` right JOIN user ON user.id=orders.ad_id   WHERE ( orders.ad_id=user.id ) LIMIT 0,2   [ RunTime:0.0004s ]
INFO: [ view_parse ] --START--
INFO: [ template_filter ] --START--
INFO: Run Behavior\ContentReplaceBehavior [ RunTime:0.000139s ]
INFO: [ template_filter ] --END-- [ RunTime:0.000322s ]
NOTIC: [8] Undefined variable: article_category D:\wamp\www\thinkphp\Mouqu\Runtime\Cache\Home\318d64727970ad46bf23190104213259.php 第 60 行.
NOTIC: [8] Undefined variable: news D:\wamp\www\thinkphp\Mouqu\Runtime\Cache\Home\318d64727970ad46bf23190104213259.php 第 111 行.
NOTIC: [8] Undefined variable: article_category2 D:\wamp\www\thinkphp\Mouqu\Runtime\Cache\Home\318d64727970ad46bf23190104213259.php 第 124 行.
INFO: Run Behavior\ParseTemplateBehavior [ RunTime:0.021389s ]
INFO: [ view_parse ] --END-- [ RunTime:0.021534s ]
INFO: [ view_filter ] --START--
INFO: Run Behavior\WriteHtmlCacheBehavior [ RunTime:0.000488s ]
INFO: [ view_filter ] --END-- [ RunTime:0.000661s ]
INFO: [ app_end ] --START--
INFO: Run Behavior\ShowPageTraceBehavior [ RunTime:0.000981s ]
INFO: [ app_end ] --END-- [ RunTime:0.001175s ]

[ 2016-11-18T15:24:36+08:00 ] 127.0.0.1 /thinkphp/mouqu.php/Home/Orders/orders.html
INFO: [ app_init ] --START--
INFO: Run Behavior\BuildLiteBehavior [ RunTime:0.000484s ]
INFO: [ app_init ] --END-- [ RunTime:0.002204s ]
INFO: [ app_begin ] --START--
INFO: Run Behavior\ReadHtmlCacheBehavior [ RunTime:0.001182s ]
INFO: [ app_begin ] --END-- [ RunTime:0.001504s ]
SQL: SHOW COLUMNS FROM `orders` [ RunTime:0.0167s ]
SQL: SELECT COUNT(*) AS tp_count FROM `orders` LIMIT 1   [ RunTime:0.0003s ]
SQL: SELECT orders.*,user.username FROM `orders` right JOIN user ON user.id=orders.ad_id   WHERE ( orders.ad_id=user.id ) LIMIT 0,2   [ RunTime:0.0004s ]
INFO: [ view_parse ] --START--
INFO: [ template_filter ] --START--
INFO: Run Behavior\ContentReplaceBehavior [ RunTime:0.000250s ]
INFO: [ template_filter ] --END-- [ RunTime:0.000524s ]
NOTIC: [8] Undefined variable: article_category D:\wamp\www\thinkphp\Mouqu\Runtime\Cache\Home\318d64727970ad46bf23190104213259.php 第 60 行.
NOTIC: [8] Undefined variable: news D:\wamp\www\thinkphp\Mouqu\Runtime\Cache\Home\318d64727970ad46bf23190104213259.php 第 111 行.
NOTIC: [8] Undefined variable: article_category2 D:\wamp\www\thinkphp\Mouqu\Runtime\Cache\Home\318d64727970ad46bf23190104213259.php 第 124 行.
INFO: Run Behavior\ParseTemplateBehavior [ RunTime:0.025916s ]
INFO: [ view_parse ] --END-- [ RunTime:0.026073s ]
INFO: [ view_filter ] --START--
INFO: Run Behavior\WriteHtmlCacheBehavior [ RunTime:0.000669s ]
INFO: [ view_filter ] --END-- [ RunTime:0.000814s ]
INFO: [ app_end ] --START--
INFO: Run Behavior\ShowPageTraceBehavior [ RunTime:0.001110s ]
INFO: [ app_end ] --END-- [ RunTime:0.001400s ]

[ 2016-11-18T15:24:39+08:00 ] 127.0.0.1 /thinkphp/mouqu.php/Home/Orders/orders.html
INFO: [ app_init ] --START--
INFO: Run Behavior\BuildLiteBehavior [ RunTime:0.000074s ]
INFO: [ app_init ] --END-- [ RunTime:0.001854s ]
INFO: [ app_begin ] --START--
INFO: Run Behavior\ReadHtmlCacheBehavior [ RunTime:0.000942s ]
INFO: [ app_begin ] --END-- [ RunTime:0.001193s ]
SQL: SHOW COLUMNS FROM `orders` [ RunTime:0.0296s ]
SQL: SELECT COUNT(*) AS tp_count FROM `orders` LIMIT 1   [ RunTime:0.0003s ]
SQL: SELECT orders.*,user.username FROM `orders` right JOIN user ON user.id=orders.ad_id   WHERE ( orders.ad_id=user.id ) LIMIT 0,2   [ RunTime:0.0005s ]
INFO: [ view_parse ] --START--
INFO: [ template_filter ] --START--
INFO: Run Behavior\ContentReplaceBehavior [ RunTime:0.000188s ]
INFO: [ template_filter ] --END-- [ RunTime:0.000350s ]
NOTIC: [8] Undefined variable: article_category D:\wamp\www\thinkphp\Mouqu\Runtime\Cache\Home\318d64727970ad46bf23190104213259.php 第 60 行.
NOTIC: [8] Undefined variable: news D:\wamp\www\thinkphp\Mouqu\Runtime\Cache\Home\318d64727970ad46bf23190104213259.php 第 111 行.
NOTIC: [8] Undefined variable: article_category2 D:\wamp\www\thinkphp\Mouqu\Runtime\Cache\Home\318d64727970ad46bf23190104213259.php 第 124 行.
INFO: Run Behavior\ParseTemplateBehavior [ RunTime:0.022218s ]
INFO: [ view_parse ] --END-- [ RunTime:0.022443s ]
INFO: [ view_filter ] --START--
INFO: Run Behavior\WriteHtmlCacheBehavior [ RunTime:0.000594s ]
INFO: [ view_filter ] --END-- [ RunTime:0.000731s ]
INFO: [ app_end ] --START--
INFO: Run Behavior\ShowPageTraceBehavior [ RunTime:0.000913s ]
INFO: [ app_end ] --END-- [ RunTime:0.001152s ]

[ 2016-11-18T15:24:57+08:00 ] 127.0.0.1 /thinkphp/mouqu.php/Home/Orders/orders.html
INFO: [ app_init ] --START--
INFO: Run Behavior\BuildLiteBehavior [ RunTime:0.000036s ]
INFO: [ app_init ] --END-- [ RunTime:0.000566s ]
INFO: [ app_begin ] --START--
INFO: Run Behavior\ReadHtmlCacheBehavior [ RunTime:0.000801s ]
INFO: [ app_begin ] --END-- [ RunTime:0.001044s ]
SQL: SHOW COLUMNS FROM `orders` [ RunTime:0.0646s ]
SQL: SELECT COUNT(*) AS tp_count FROM `orders` LIMIT 1   [ RunTime:0.0005s ]
SQL: SELECT orders.*,user.username FROM `orders` right JOIN user ON user.id=orders.ad_id   WHERE ( orders.ad_id=user.id ) LIMIT 0,2   [ RunTime:0.0012s ]
INFO: [ view_parse ] --START--
INFO: [ template_filter ] --START--
INFO: Run Behavior\ContentReplaceBehavior [ RunTime:0.000239s ]
INFO: [ template_filter ] --END-- [ RunTime:0.000526s ]
NOTIC: [8] Undefined variable: article_category D:\wamp\www\thinkphp\Mouqu\Runtime\Cache\Home\318d64727970ad46bf23190104213259.php 第 60 行.
NOTIC: [8] Undefined variable: news D:\wamp\www\thinkphp\Mouqu\Runtime\Cache\Home\318d64727970ad46bf23190104213259.php 第 111 行.
NOTIC: [8] Undefined variable: article_category2 D:\wamp\www\thinkphp\Mouqu\Runtime\Cache\Home\318d64727970ad46bf23190104213259.php 第 124 行.
INFO: Run Behavior\ParseTemplateBehavior [ RunTime:0.038437s ]
INFO: [ view_parse ] --END-- [ RunTime:0.039005s ]
INFO: [ view_filter ] --START--
INFO: Run Behavior\WriteHtmlCacheBehavior [ RunTime:0.000693s ]
INFO: [ view_filter ] --END-- [ RunTime:0.000872s ]
INFO: [ app_end ] --START--
INFO: Run Behavior\ShowPageTraceBehavior [ RunTime:0.001170s ]
INFO: [ app_end ] --END-- [ RunTime:0.001399s ]

[ 2016-11-18T15:24:59+08:00 ] 127.0.0.1 /thinkphp/mouqu.php/Home/Orders/orders.html
INFO: [ app_init ] --START--
INFO: Run Behavior\BuildLiteBehavior [ RunTime:0.000036s ]
INFO: [ app_init ] --END-- [ RunTime:0.000560s ]
INFO: [ app_begin ] --START--
INFO: Run Behavior\ReadHtmlCacheBehavior [ RunTime:0.000739s ]
INFO: [ app_begin ] --END-- [ RunTime:0.000903s ]
SQL: SHOW COLUMNS FROM `orders` [ RunTime:0.0087s ]
SQL: SELECT COUNT(*) AS tp_count FROM `orders` LIMIT 1   [ RunTime:0.0003s ]
SQL: SELECT orders.*,user.username FROM `orders` right JOIN user ON user.id=orders.ad_id   WHERE ( orders.ad_id=user.id ) LIMIT 0,2   [ RunTime:0.0004s ]
INFO: [ view_parse ] --START--
INFO: [ template_filter ] --START--
INFO: Run Behavior\ContentReplaceBehavior [ RunTime:0.000178s ]
INFO: [ template_filter ] --END-- [ RunTime:0.000390s ]
NOTIC: [8] Undefined variable: article_category D:\wamp\www\thinkphp\Mouqu\Runtime\Cache\Home\318d64727970ad46bf23190104213259.php 第 60 行.
NOTIC: [8] Undefined variable: news D:\wamp\www\thinkphp\Mouqu\Runtime\Cache\Home\318d64727970ad46bf23190104213259.php 第 111 行.
NOTIC: [8] Undefined variable: article_category2 D:\wamp\www\thinkphp\Mouqu\Runtime\Cache\Home\318d64727970ad46bf23190104213259.php 第 124 行.
INFO: Run Behavior\ParseTemplateBehavior [ RunTime:0.028375s ]
INFO: [ view_parse ] --END-- [ RunTime:0.028530s ]
INFO: [ view_filter ] --START--
INFO: Run Behavior\WriteHtmlCacheBehavior [ RunTime:0.000591s ]
INFO: [ view_filter ] --END-- [ RunTime:0.000724s ]
INFO: [ app_end ] --START--
INFO: Run Behavior\ShowPageTraceBehavior [ RunTime:0.000906s ]
INFO: [ app_end ] --END-- [ RunTime:0.001131s ]

[ 2016-11-18T15:32:34+08:00 ] 127.0.0.1 /thinkphp/mouqu.php/Home/Orders/orders.html
INFO: [ app_init ] --START--
INFO: Run Behavior\BuildLiteBehavior [ RunTime:0.000032s ]
INFO: [ app_init ] --END-- [ RunTime:0.000580s ]
INFO: [ app_begin ] --START--
INFO: Run Behavior\ReadHtmlCacheBehavior [ RunTime:0.000765s ]
INFO: [ app_begin ] --END-- [ RunTime:0.000908s ]
SQL: SHOW COLUMNS FROM `orders` [ RunTime:0.0215s ]
SQL: SELECT COUNT(*) AS tp_count FROM `orders` LIMIT 1   [ RunTime:0.0003s ]
SQL: SELECT orders.*,user.username,status.name FROM `orders` right JOIN user ON user.id=orders.ad_id right JOIN status ON status.id=orders.status  WHERE ( orders.ad_id=user.id ) LIMIT 0,2   [ RunTime:0.0004s ]
INFO: [ view_parse ] --START--
INFO: [ template_filter ] --START--
INFO: Run Behavior\ContentReplaceBehavior [ RunTime:0.000147s ]
INFO: [ template_filter ] --END-- [ RunTime:0.000299s ]
NOTIC: [8] Undefined variable: article_category D:\wamp\www\thinkphp\Mouqu\Runtime\Cache\Home\318d64727970ad46bf23190104213259.php 第 60 行.
NOTIC: [8] Undefined variable: news D:\wamp\www\thinkphp\Mouqu\Runtime\Cache\Home\318d64727970ad46bf23190104213259.php 第 105 行.
NOTIC: [8] Undefined variable: article_category2 D:\wamp\www\thinkphp\Mouqu\Runtime\Cache\Home\318d64727970ad46bf23190104213259.php 第 118 行.
INFO: Run Behavior\ParseTemplateBehavior [ RunTime:0.021327s ]
INFO: [ view_parse ] --END-- [ RunTime:0.021502s ]
INFO: [ view_filter ] --START--
INFO: Run Behavior\WriteHtmlCacheBehavior [ RunTime:0.000623s ]
INFO: [ view_filter ] --END-- [ RunTime:0.000807s ]
INFO: [ app_end ] --START--
INFO: Run Behavior\ShowPageTraceBehavior [ RunTime:0.001158s ]
INFO: [ app_end ] --END-- [ RunTime:0.001457s ]

[ 2016-11-18T15:37:09+08:00 ] 127.0.0.1 /thinkphp/mouqu.php/Home/Orders/orders.html
INFO: [ app_init ] --START--
INFO: Run Behavior\BuildLiteBehavior [ RunTime:0.000065s ]
INFO: [ app_init ] --END-- [ RunTime:0.001268s ]
INFO: [ app_begin ] --START--
INFO: Run Behavior\ReadHtmlCacheBehavior [ RunTime:0.001032s ]
INFO: [ app_begin ] --END-- [ RunTime:0.001236s ]
SQL: SHOW COLUMNS FROM `orders` [ RunTime:0.0090s ]
SQL: SELECT COUNT(*) AS tp_count FROM `orders` LIMIT 1   [ RunTime:0.0003s ]
SQL: SELECT orders.*,user.username,status.name FROM `orders` right JOIN user ON user.id=orders.ad_id right JOIN status ON status.id=orders.status  WHERE ( orders.ad_id=user.id ) LIMIT 0,2   [ RunTime:0.0004s ]
INFO: [ view_parse ] --START--
INFO: [ template_filter ] --START--
INFO: Run Behavior\ContentReplaceBehavior [ RunTime:0.000167s ]
INFO: [ template_filter ] --END-- [ RunTime:0.000324s ]
NOTIC: [8] Undefined variable: article_category D:\wamp\www\thinkphp\Mouqu\Runtime\Cache\Home\318d64727970ad46bf23190104213259.php 第 60 行.
INFO: Run Behavior\ParseTemplateBehavior [ RunTime:0.019730s ]
INFO: [ view_parse ] --END-- [ RunTime:0.019882s ]
INFO: [ view_filter ] --START--
INFO: Run Behavior\WriteHtmlCacheBehavior [ RunTime:0.000612s ]
INFO: [ view_filter ] --END-- [ RunTime:0.000769s ]
INFO: [ app_end ] --START--
INFO: Run Behavior\ShowPageTraceBehavior [ RunTime:0.000748s ]
INFO: [ app_end ] --END-- [ RunTime:0.000892s ]

[ 2016-11-18T15:37:25+08:00 ] 127.0.0.1 /thinkphp/mouqu.php/Home/Orders/orders.html
INFO: [ app_init ] --START--
INFO: Run Behavior\BuildLiteBehavior [ RunTime:0.000079s ]
INFO: [ app_init ] --END-- [ RunTime:0.000998s ]
INFO: [ app_begin ] --START--
INFO: Run Behavior\ReadHtmlCacheBehavior [ RunTime:0.000976s ]
INFO: [ app_begin ] --END-- [ RunTime:0.001159s ]
SQL: SHOW COLUMNS FROM `orders` [ RunTime:0.0044s ]
SQL: SELECT COUNT(*) AS tp_count FROM `orders` LIMIT 1   [ RunTime:0.0003s ]
SQL: SELECT orders.*,user.username,status.name FROM `orders` right JOIN user ON user.id=orders.ad_id right JOIN status ON status.id=orders.status  WHERE ( orders.ad_id=user.id ) LIMIT 0,2   [ RunTime:0.0006s ]
INFO: [ view_parse ] --START--
INFO: [ template_filter ] --START--
INFO: Run Behavior\ContentReplaceBehavior [ RunTime:0.000120s ]
INFO: [ template_filter ] --END-- [ RunTime:0.000277s ]
INFO: Run Behavior\ParseTemplateBehavior [ RunTime:0.016639s ]
INFO: [ view_parse ] --END-- [ RunTime:0.016807s ]
INFO: [ view_filter ] --START--
INFO: Run Behavior\WriteHtmlCacheBehavior [ RunTime:0.000588s ]
INFO: [ view_filter ] --END-- [ RunTime:0.000735s ]
INFO: [ app_end ] --START--
INFO: Run Behavior\ShowPageTraceBehavior [ RunTime:0.000698s ]
INFO: [ app_end ] --END-- [ RunTime:0.000827s ]

[ 2016-11-18T15:37:51+08:00 ] 127.0.0.1 /thinkphp/mouqu.php/Home/Orders/orders.html
INFO: [ app_init ] --START--
INFO: Run Behavior\BuildLiteBehavior [ RunTime:0.000035s ]
INFO: [ app_init ] --END-- [ RunTime:0.000554s ]
INFO: [ app_begin ] --START--
INFO: Run Behavior\ReadHtmlCacheBehavior [ RunTime:0.000851s ]
INFO: [ app_begin ] --END-- [ RunTime:0.001016s ]
SQL: SHOW COLUMNS FROM `orders` [ RunTime:0.0152s ]
SQL: SELECT COUNT(*) AS tp_count FROM `orders` LIMIT 1   [ RunTime:0.0003s ]
SQL: SELECT orders.*,user.username,status.name FROM `orders` right JOIN user ON user.id=orders.ad_id right JOIN status ON status.id=orders.status  WHERE ( orders.ad_id=user.id ) LIMIT 0,2   [ RunTime:0.0004s ]
INFO: [ view_parse ] --START--
INFO: [ template_filter ] --START--
INFO: Run Behavior\ContentReplaceBehavior [ RunTime:0.000121s ]
INFO: [ template_filter ] --END-- [ RunTime:0.000278s ]
INFO: Run Behavior\ParseTemplateBehavior [ RunTime:0.016726s ]
INFO: [ view_parse ] --END-- [ RunTime:0.016875s ]
INFO: [ view_filter ] --START--
INFO: Run Behavior\WriteHtmlCacheBehavior [ RunTime:0.000601s ]
INFO: [ view_filter ] --END-- [ RunTime:0.000727s ]
INFO: [ app_end ] --START--
INFO: Run Behavior\ShowPageTraceBehavior [ RunTime:0.000827s ]
INFO: [ app_end ] --END-- [ RunTime:0.001002s ]

[ 2016-11-18T15:40:05+08:00 ] 127.0.0.1 /thinkphp/mouqu.php/Home/Orders/orders.html
INFO: [ app_init ] --START--
INFO: Run Behavior\BuildLiteBehavior [ RunTime:0.000033s ]
INFO: [ app_init ] --END-- [ RunTime:0.000522s ]
INFO: [ app_begin ] --START--
INFO: Run Behavior\ReadHtmlCacheBehavior [ RunTime:0.000704s ]
INFO: [ app_begin ] --END-- [ RunTime:0.000872s ]
SQL: SHOW COLUMNS FROM `orders` [ RunTime:0.0116s ]
SQL: SELECT COUNT(*) AS tp_count FROM `orders` LIMIT 1   [ RunTime:0.0003s ]
SQL: SELECT orders.*,user.username,status.name FROM `orders` right JOIN user ON user.id=orders.ad_id right JOIN status ON status.id=orders.status  WHERE ( orders.ad_id=user.id ) LIMIT 0,2   [ RunTime:0.0005s ]
INFO: [ view_parse ] --START--
INFO: [ template_filter ] --START--
INFO: Run Behavior\ContentReplaceBehavior [ RunTime:0.000162s ]
INFO: [ template_filter ] --END-- [ RunTime:0.000456s ]
INFO: Run Behavior\ParseTemplateBehavior [ RunTime:0.022128s ]
INFO: [ view_parse ] --END-- [ RunTime:0.022359s ]
INFO: [ view_filter ] --START--
INFO: Run Behavior\WriteHtmlCacheBehavior [ RunTime:0.000737s ]
INFO: [ view_filter ] --END-- [ RunTime:0.001006s ]
INFO: [ app_end ] --START--
INFO: Run Behavior\ShowPageTraceBehavior [ RunTime:0.001824s ]
INFO: [ app_end ] --END-- [ RunTime:0.002114s ]

[ 2016-11-18T15:47:55+08:00 ] 127.0.0.1 /thinkphp/mouqu.php/Home/Orders/orders.html
INFO: [ app_init ] --START--
INFO: Run Behavior\BuildLiteBehavior [ RunTime:0.000057s ]
INFO: [ app_init ] --END-- [ RunTime:0.001151s ]
INFO: [ app_begin ] --START--
INFO: Run Behavior\ReadHtmlCacheBehavior [ RunTime:0.000780s ]
INFO: [ app_begin ] --END-- [ RunTime:0.000953s ]
SQL: SHOW COLUMNS FROM `orders` [ RunTime:0.0162s ]
SQL: SELECT COUNT(*) AS tp_count FROM `orders` LIMIT 1   [ RunTime:0.0005s ]
SQL: SELECT orders.*,user.username,status.name FROM `orders` right JOIN user ON user.id=orders.ad_id right JOIN status ON status.id=orders.status  WHERE ( orders.ad_id=user.id ) LIMIT 0,2   [ RunTime:0.0008s ]
INFO: [ view_parse ] --START--
INFO: [ template_filter ] --START--
INFO: Run Behavior\ContentReplaceBehavior [ RunTime:0.000124s ]
INFO: [ template_filter ] --END-- [ RunTime:0.000286s ]
INFO: Run Behavior\ParseTemplateBehavior [ RunTime:0.016355s ]
INFO: [ view_parse ] --END-- [ RunTime:0.016514s ]
INFO: [ view_filter ] --START--
INFO: Run Behavior\WriteHtmlCacheBehavior [ RunTime:0.000567s ]
INFO: [ view_filter ] --END-- [ RunTime:0.000725s ]
INFO: [ app_end ] --START--
INFO: Run Behavior\ShowPageTraceBehavior [ RunTime:0.000740s ]
INFO: [ app_end ] --END-- [ RunTime:0.000873s ]

[ 2016-11-18T15:48:37+08:00 ] 127.0.0.1 /thinkphp/mouqu.php/Home/Orders/orders.html
INFO: [ app_init ] --START--
INFO: Run Behavior\BuildLiteBehavior [ RunTime:0.000055s ]
INFO: [ app_init ] --END-- [ RunTime:0.000746s ]
INFO: [ app_begin ] --START--
INFO: Run Behavior\ReadHtmlCacheBehavior [ RunTime:0.000727s ]
INFO: [ app_begin ] --END-- [ RunTime:0.000877s ]
SQL: SHOW COLUMNS FROM `orders` [ RunTime:0.0060s ]
SQL: SELECT COUNT(*) AS tp_count FROM `orders` LIMIT 1   [ RunTime:0.0003s ]
SQL: SELECT orders.*,user.username,status.name FROM `orders` right JOIN user ON user.id=orders.ad_id right JOIN status ON status.id=orders.status  WHERE ( orders.ad_id=user.id ) LIMIT 0,2   [ RunTime:0.0004s ]
INFO: [ view_parse ] --START--
INFO: [ template_filter ] --START--
INFO: Run Behavior\ContentReplaceBehavior [ RunTime:0.000123s ]
INFO: [ template_filter ] --END-- [ RunTime:0.000277s ]
NOTIC: [8] Undefined index: user_name D:\wamp\www\thinkphp\Mouqu\Runtime\Cache\Home\318d64727970ad46bf23190104213259.php 第 26 行.
INFO: Run Behavior\ParseTemplateBehavior [ RunTime:0.016234s ]
INFO: [ view_parse ] --END-- [ RunTime:0.016381s ]
INFO: [ view_filter ] --START--
INFO: Run Behavior\WriteHtmlCacheBehavior [ RunTime:0.000558s ]
INFO: [ view_filter ] --END-- [ RunTime:0.000714s ]
INFO: [ app_end ] --START--
INFO: Run Behavior\ShowPageTraceBehavior [ RunTime:0.000690s ]
INFO: [ app_end ] --END-- [ RunTime:0.000827s ]

[ 2016-11-18T15:50:37+08:00 ] 127.0.0.1 /thinkphp/mouqu.php/Home/Orders/orders.html
INFO: [ app_init ] --START--
INFO: Run Behavior\BuildLiteBehavior [ RunTime:0.000114s ]
INFO: [ app_init ] --END-- [ RunTime:0.010180s ]
INFO: [ app_begin ] --START--
INFO: Run Behavior\ReadHtmlCacheBehavior [ RunTime:0.037226s ]
INFO: [ app_begin ] --END-- [ RunTime:0.037616s ]
SQL: SHOW COLUMNS FROM `orders` [ RunTime:0.0648s ]
SQL: SELECT COUNT(*) AS tp_count FROM `orders` LIMIT 1   [ RunTime:0.0004s ]
SQL: SELECT orders.*,user.username,status.name FROM `orders` right JOIN user ON user.id=orders.ad_id right JOIN status ON status.id=orders.status  WHERE ( orders.ad_id=user.id ) LIMIT 0,2   [ RunTime:0.0008s ]
INFO: [ view_parse ] --START--
INFO: [ template_filter ] --START--
INFO: Run Behavior\ContentReplaceBehavior [ RunTime:0.000165s ]
INFO: [ template_filter ] --END-- [ RunTime:0.000373s ]
INFO: Run Behavior\ParseTemplateBehavior [ RunTime:0.067448s ]
INFO: [ view_parse ] --END-- [ RunTime:0.067770s ]
INFO: [ view_filter ] --START--
INFO: Run Behavior\WriteHtmlCacheBehavior [ RunTime:0.030426s ]
INFO: [ view_filter ] --END-- [ RunTime:0.030735s ]
INFO: [ app_end ] --START--
INFO: Run Behavior\ShowPageTraceBehavior [ RunTime:0.001979s ]
INFO: [ app_end ] --END-- [ RunTime:0.002278s ]

[ 2016-11-18T15:51:12+08:00 ] 127.0.0.1 /thinkphp/mouqu.php/Home/Orders/orders.html
INFO: [ app_init ] --START--
INFO: Run Behavior\BuildLiteBehavior [ RunTime:0.000059s ]
INFO: [ app_init ] --END-- [ RunTime:0.011016s ]
INFO: [ app_begin ] --START--
INFO: Run Behavior\ReadHtmlCacheBehavior [ RunTime:0.008725s ]
INFO: [ app_begin ] --END-- [ RunTime:0.008881s ]
SQL: SHOW COLUMNS FROM `orders` [ RunTime:0.0603s ]
SQL: SELECT COUNT(*) AS tp_count FROM `orders` LIMIT 1   [ RunTime:0.0006s ]
SQL: SELECT orders.*,user.username,status.name FROM `orders` right JOIN user ON user.id=orders.ad_id right JOIN status ON status.id=orders.status  WHERE ( orders.ad_id=user.id ) LIMIT 0,2   [ RunTime:0.0009s ]
INFO: [ view_parse ] --START--
INFO: [ template_filter ] --START--
INFO: Run Behavior\ContentReplaceBehavior [ RunTime:0.000301s ]
INFO: [ template_filter ] --END-- [ RunTime:0.000894s ]
INFO: Run Behavior\ParseTemplateBehavior [ RunTime:0.127856s ]
INFO: [ view_parse ] --END-- [ RunTime:0.128347s ]
INFO: [ view_filter ] --START--
INFO: Run Behavior\WriteHtmlCacheBehavior [ RunTime:0.047056s ]
INFO: [ view_filter ] --END-- [ RunTime:0.047265s ]
INFO: [ app_end ] --START--
INFO: Run Behavior\ShowPageTraceBehavior [ RunTime:0.200082s ]
INFO: [ app_end ] --END-- [ RunTime:0.200583s ]

[ 2016-11-18T15:53:29+08:00 ] 127.0.0.1 /thinkphp/mouqu.php/Home/Admin/manager.html
INFO: [ app_init ] --START--
INFO: Run Behavior\BuildLiteBehavior [ RunTime:0.000079s ]
INFO: [ app_init ] --END-- [ RunTime:0.010381s ]
INFO: [ app_begin ] --START--
INFO: Run Behavior\ReadHtmlCacheBehavior [ RunTime:0.015265s ]
INFO: [ app_begin ] --END-- [ RunTime:0.015761s ]
ERR: 无法加载控制器:Admin

[ 2016-11-18T15:55:37+08:00 ] 127.0.0.1 /thinkphp/mouqu.php/Home/Orders/orders.html
INFO: [ app_init ] --START--
INFO: Run Behavior\BuildLiteBehavior [ RunTime:0.000036s ]
INFO: [ app_init ] --END-- [ RunTime:0.000582s ]
INFO: [ app_begin ] --START--
INFO: Run Behavior\ReadHtmlCacheBehavior [ RunTime:0.001893s ]
INFO: [ app_begin ] --END-- [ RunTime:0.002116s ]
SQL: SHOW COLUMNS FROM `orders` [ RunTime:0.0080s ]
SQL: SELECT COUNT(*) AS tp_count FROM `orders` LIMIT 1   [ RunTime:0.0006s ]
SQL: SELECT orders.*,user.username,status.name FROM `orders` right JOIN user ON user.id=orders.ad_id right JOIN status ON status.id=orders.status  WHERE ( orders.ad_id=user.id ) LIMIT 0,2   [ RunTime:0.0013s ]
INFO: [ view_parse ] --START--
INFO: [ template_filter ] --START--
INFO: Run Behavior\ContentReplaceBehavior [ RunTime:0.000253s ]
INFO: [ template_filter ] --END-- [ RunTime:0.000614s ]
INFO: Run Behavior\ParseTemplateBehavior [ RunTime:0.053313s ]
INFO: [ view_parse ] --END-- [ RunTime:0.053534s ]
INFO: [ view_filter ] --START--
INFO: Run Behavior\WriteHtmlCacheBehavior [ RunTime:0.011456s ]
INFO: [ view_filter ] --END-- [ RunTime:0.011663s ]
INFO: [ app_end ] --START--
INFO: Run Behavior\ShowPageTraceBehavior [ RunTime:0.010946s ]
INFO: [ app_end ] --END-- [ RunTime:0.011127s ]

[ 2016-11-18T15:56:11+08:00 ] 127.0.0.1 /thinkphp/mouqu.php/Home/Orders/orders.html
INFO: [ app_init ] --START--
INFO: Run Behavior\BuildLiteBehavior [ RunTime:0.000036s ]
INFO: [ app_init ] --END-- [ RunTime:0.000658s ]
INFO: [ app_begin ] --START--
INFO: Run Behavior\ReadHtmlCacheBehavior [ RunTime:0.000944s ]
INFO: [ app_begin ] --END-- [ RunTime:0.001127s ]
SQL: SHOW COLUMNS FROM `orders` [ RunTime:0.0093s ]
SQL: SELECT COUNT(*) AS tp_count FROM `orders` LIMIT 1   [ RunTime:0.0003s ]
SQL: SELECT orders.*,user.username,status.name FROM `orders` right JOIN user ON user.id=orders.ad_id right JOIN status ON status.id=orders.status  WHERE ( orders.ad_id=user.id ) LIMIT 0,2   [ RunTime:0.0004s ]
INFO: [ view_parse ] --START--
INFO: [ template_filter ] --START--
INFO: Run Behavior\ContentReplaceBehavior [ RunTime:0.000117s ]
INFO: [ template_filter ] --END-- [ RunTime:0.000263s ]
INFO: Run Behavior\ParseTemplateBehavior [ RunTime:0.015823s ]
INFO: [ view_parse ] --END-- [ RunTime:0.015969s ]
INFO: [ view_filter ] --START--
INFO: Run Behavior\WriteHtmlCacheBehavior [ RunTime:0.000567s ]
INFO: [ view_filter ] --END-- [ RunTime:0.000695s ]
INFO: [ app_end ] --START--
INFO: Run Behavior\ShowPageTraceBehavior [ RunTime:0.000721s ]
INFO: [ app_end ] --END-- [ RunTime:0.000848s ]

